0 info it worked if it ends with ok
1 verbose cli [ 'node', '/usr/local/bin/npm', 'install' ]
2 info using npm@1.4.28
3 info using node@v0.10.33
4 verbose readDependencies using package.json deps
5 verbose install where, deps [ '/Users/nicholas/projects/consequence',
5 verbose install   [ 'body-parser',
5 verbose install     'cookie-parser',
5 verbose install     'express',
5 verbose install     'grunt',
5 verbose install     'grunt-cli',
5 verbose install     'grunt-contrib-concat',
5 verbose install     'grunt-contrib-uglify',
5 verbose install     'grunt-contrib-watch',
5 verbose install     'grunt-nodemon',
5 verbose install     'grunt-sass',
5 verbose install     'jade',
5 verbose install     'morgan',
5 verbose install     'native-promise-only',
5 verbose install     'nodemon',
5 verbose install     'request',
5 verbose install     'serve-favicon' ] ]
6 info preinstall consequence-www@0.0.0
7 verbose readDependencies using package.json deps
8 verbose cache add [ 'body-parser@~1.10.2', null ]
9 verbose cache add name=undefined spec="body-parser@~1.10.2" args=["body-parser@~1.10.2",null]
10 verbose parsed url { protocol: null,
10 verbose parsed url   slashes: null,
10 verbose parsed url   auth: null,
10 verbose parsed url   host: null,
10 verbose parsed url   port: null,
10 verbose parsed url   hostname: null,
10 verbose parsed url   hash: null,
10 verbose parsed url   search: null,
10 verbose parsed url   query: null,
10 verbose parsed url   pathname: 'body-parser@~1.10.2',
10 verbose parsed url   path: 'body-parser@~1.10.2',
10 verbose parsed url   href: 'body-parser@~1.10.2' }
11 verbose cache add [ 'cookie-parser@~1.3.3', null ]
12 verbose cache add name=undefined spec="cookie-parser@~1.3.3" args=["cookie-parser@~1.3.3",null]
13 verbose parsed url { protocol: null,
13 verbose parsed url   slashes: null,
13 verbose parsed url   auth: null,
13 verbose parsed url   host: null,
13 verbose parsed url   port: null,
13 verbose parsed url   hostname: null,
13 verbose parsed url   hash: null,
13 verbose parsed url   search: null,
13 verbose parsed url   query: null,
13 verbose parsed url   pathname: 'cookie-parser@~1.3.3',
13 verbose parsed url   path: 'cookie-parser@~1.3.3',
13 verbose parsed url   href: 'cookie-parser@~1.3.3' }
14 verbose cache add name="body-parser" spec="~1.10.2" args=["body-parser","~1.10.2"]
15 verbose parsed url { protocol: null,
15 verbose parsed url   slashes: null,
15 verbose parsed url   auth: null,
15 verbose parsed url   host: null,
15 verbose parsed url   port: null,
15 verbose parsed url   hostname: null,
15 verbose parsed url   hash: null,
15 verbose parsed url   search: null,
15 verbose parsed url   query: null,
15 verbose parsed url   pathname: '~1.10.2',
15 verbose parsed url   path: '~1.10.2',
15 verbose parsed url   href: '~1.10.2' }
16 verbose addNamed [ 'body-parser', '~1.10.2' ]
17 verbose addNamed [ null, '>=1.10.2-0 <1.11.0-0' ]
18 verbose cache add [ 'express@~4.11.1', null ]
19 verbose cache add name=undefined spec="express@~4.11.1" args=["express@~4.11.1",null]
20 verbose parsed url { protocol: null,
20 verbose parsed url   slashes: null,
20 verbose parsed url   auth: null,
20 verbose parsed url   host: null,
20 verbose parsed url   port: null,
20 verbose parsed url   hostname: null,
20 verbose parsed url   hash: null,
20 verbose parsed url   search: null,
20 verbose parsed url   query: null,
20 verbose parsed url   pathname: 'express@~4.11.1',
20 verbose parsed url   path: 'express@~4.11.1',
20 verbose parsed url   href: 'express@~4.11.1' }
21 verbose cache add [ 'grunt@^0.4.5', null ]
22 verbose cache add name=undefined spec="grunt@^0.4.5" args=["grunt@^0.4.5",null]
23 verbose parsed url { protocol: null,
23 verbose parsed url   slashes: null,
23 verbose parsed url   auth: null,
23 verbose parsed url   host: null,
23 verbose parsed url   port: null,
23 verbose parsed url   hostname: null,
23 verbose parsed url   hash: null,
23 verbose parsed url   search: null,
23 verbose parsed url   query: null,
23 verbose parsed url   pathname: 'grunt@^0.4.5',
23 verbose parsed url   path: 'grunt@^0.4.5',
23 verbose parsed url   href: 'grunt@^0.4.5' }
24 verbose cache add name="cookie-parser" spec="~1.3.3" args=["cookie-parser","~1.3.3"]
25 verbose parsed url { protocol: null,
25 verbose parsed url   slashes: null,
25 verbose parsed url   auth: null,
25 verbose parsed url   host: null,
25 verbose parsed url   port: null,
25 verbose parsed url   hostname: null,
25 verbose parsed url   hash: null,
25 verbose parsed url   search: null,
25 verbose parsed url   query: null,
25 verbose parsed url   pathname: '~1.3.3',
25 verbose parsed url   path: '~1.3.3',
25 verbose parsed url   href: '~1.3.3' }
26 verbose addNamed [ 'cookie-parser', '~1.3.3' ]
27 verbose addNamed [ null, '>=1.3.3-0 <1.4.0-0' ]
28 silly lockFile 72eb9479-body-parser-1-10-2 body-parser@~1.10.2
29 verbose lock body-parser@~1.10.2 /Users/nicholas/.npm/72eb9479-body-parser-1-10-2.lock
30 silly lockFile bf5babd8-cookie-parser-1-3-3 cookie-parser@~1.3.3
31 verbose lock cookie-parser@~1.3.3 /Users/nicholas/.npm/bf5babd8-cookie-parser-1-3-3.lock
32 verbose cache add name="express" spec="~4.11.1" args=["express","~4.11.1"]
33 verbose parsed url { protocol: null,
33 verbose parsed url   slashes: null,
33 verbose parsed url   auth: null,
33 verbose parsed url   host: null,
33 verbose parsed url   port: null,
33 verbose parsed url   hostname: null,
33 verbose parsed url   hash: null,
33 verbose parsed url   search: null,
33 verbose parsed url   query: null,
33 verbose parsed url   pathname: '~4.11.1',
33 verbose parsed url   path: '~4.11.1',
33 verbose parsed url   href: '~4.11.1' }
34 verbose addNamed [ 'express', '~4.11.1' ]
35 verbose addNamed [ null, '>=4.11.1-0 <4.12.0-0' ]
36 silly lockFile 494d735c-express-4-11-1 express@~4.11.1
37 verbose lock express@~4.11.1 /Users/nicholas/.npm/494d735c-express-4-11-1.lock
38 verbose cache add [ 'grunt-cli@^0.1.13', null ]
39 verbose cache add name=undefined spec="grunt-cli@^0.1.13" args=["grunt-cli@^0.1.13",null]
40 verbose parsed url { protocol: null,
40 verbose parsed url   slashes: null,
40 verbose parsed url   auth: null,
40 verbose parsed url   host: null,
40 verbose parsed url   port: null,
40 verbose parsed url   hostname: null,
40 verbose parsed url   hash: null,
40 verbose parsed url   search: null,
40 verbose parsed url   query: null,
40 verbose parsed url   pathname: 'grunt-cli@^0.1.13',
40 verbose parsed url   path: 'grunt-cli@^0.1.13',
40 verbose parsed url   href: 'grunt-cli@^0.1.13' }
41 verbose cache add name="grunt" spec="^0.4.5" args=["grunt","^0.4.5"]
42 verbose parsed url { protocol: null,
42 verbose parsed url   slashes: null,
42 verbose parsed url   auth: null,
42 verbose parsed url   host: null,
42 verbose parsed url   port: null,
42 verbose parsed url   hostname: null,
42 verbose parsed url   hash: null,
42 verbose parsed url   search: null,
42 verbose parsed url   query: null,
42 verbose parsed url   pathname: '^0.4.5',
42 verbose parsed url   path: '^0.4.5',
42 verbose parsed url   href: '^0.4.5' }
43 verbose addNamed [ 'grunt', '^0.4.5' ]
44 verbose addNamed [ null, '>=0.4.5-0 <0.5.0-0' ]
45 silly lockFile 73541f84-grunt-0-4-5 grunt@^0.4.5
46 verbose lock grunt@^0.4.5 /Users/nicholas/.npm/73541f84-grunt-0-4-5.lock
47 verbose cache add [ 'grunt-contrib-concat@^0.5.1', null ]
48 verbose cache add name=undefined spec="grunt-contrib-concat@^0.5.1" args=["grunt-contrib-concat@^0.5.1",null]
49 verbose parsed url { protocol: null,
49 verbose parsed url   slashes: null,
49 verbose parsed url   auth: null,
49 verbose parsed url   host: null,
49 verbose parsed url   port: null,
49 verbose parsed url   hostname: null,
49 verbose parsed url   hash: null,
49 verbose parsed url   search: null,
49 verbose parsed url   query: null,
49 verbose parsed url   pathname: 'grunt-contrib-concat@^0.5.1',
49 verbose parsed url   path: 'grunt-contrib-concat@^0.5.1',
49 verbose parsed url   href: 'grunt-contrib-concat@^0.5.1' }
50 verbose cache add name="grunt-cli" spec="^0.1.13" args=["grunt-cli","^0.1.13"]
51 verbose parsed url { protocol: null,
51 verbose parsed url   slashes: null,
51 verbose parsed url   auth: null,
51 verbose parsed url   host: null,
51 verbose parsed url   port: null,
51 verbose parsed url   hostname: null,
51 verbose parsed url   hash: null,
51 verbose parsed url   search: null,
51 verbose parsed url   query: null,
51 verbose parsed url   pathname: '^0.1.13',
51 verbose parsed url   path: '^0.1.13',
51 verbose parsed url   href: '^0.1.13' }
52 verbose addNamed [ 'grunt-cli', '^0.1.13' ]
53 verbose addNamed [ null, '>=0.1.13-0 <0.2.0-0' ]
54 silly lockFile c776df95-grunt-cli-0-1-13 grunt-cli@^0.1.13
55 verbose lock grunt-cli@^0.1.13 /Users/nicholas/.npm/c776df95-grunt-cli-0-1-13.lock
56 silly addNameRange { name: 'body-parser',
56 silly addNameRange   range: '>=1.10.2-0 <1.11.0-0',
56 silly addNameRange   hasData: false }
57 silly addNameRange { name: 'cookie-parser',
57 silly addNameRange   range: '>=1.3.3-0 <1.4.0-0',
57 silly addNameRange   hasData: false }
58 silly addNameRange { name: 'express',
58 silly addNameRange   range: '>=4.11.1-0 <4.12.0-0',
58 silly addNameRange   hasData: false }
59 verbose cache add [ 'grunt-contrib-uglify@^0.8.0', null ]
60 verbose cache add name=undefined spec="grunt-contrib-uglify@^0.8.0" args=["grunt-contrib-uglify@^0.8.0",null]
61 verbose parsed url { protocol: null,
61 verbose parsed url   slashes: null,
61 verbose parsed url   auth: null,
61 verbose parsed url   host: null,
61 verbose parsed url   port: null,
61 verbose parsed url   hostname: null,
61 verbose parsed url   hash: null,
61 verbose parsed url   search: null,
61 verbose parsed url   query: null,
61 verbose parsed url   pathname: 'grunt-contrib-uglify@^0.8.0',
61 verbose parsed url   path: 'grunt-contrib-uglify@^0.8.0',
61 verbose parsed url   href: 'grunt-contrib-uglify@^0.8.0' }
62 verbose cache add [ 'grunt-contrib-watch@^0.6.1', null ]
63 verbose cache add name=undefined spec="grunt-contrib-watch@^0.6.1" args=["grunt-contrib-watch@^0.6.1",null]
64 verbose parsed url { protocol: null,
64 verbose parsed url   slashes: null,
64 verbose parsed url   auth: null,
64 verbose parsed url   host: null,
64 verbose parsed url   port: null,
64 verbose parsed url   hostname: null,
64 verbose parsed url   hash: null,
64 verbose parsed url   search: null,
64 verbose parsed url   query: null,
64 verbose parsed url   pathname: 'grunt-contrib-watch@^0.6.1',
64 verbose parsed url   path: 'grunt-contrib-watch@^0.6.1',
64 verbose parsed url   href: 'grunt-contrib-watch@^0.6.1' }
65 verbose cache add [ 'grunt-nodemon@^0.4.0', null ]
66 verbose cache add name=undefined spec="grunt-nodemon@^0.4.0" args=["grunt-nodemon@^0.4.0",null]
67 verbose parsed url { protocol: null,
67 verbose parsed url   slashes: null,
67 verbose parsed url   auth: null,
67 verbose parsed url   host: null,
67 verbose parsed url   port: null,
67 verbose parsed url   hostname: null,
67 verbose parsed url   hash: null,
67 verbose parsed url   search: null,
67 verbose parsed url   query: null,
67 verbose parsed url   pathname: 'grunt-nodemon@^0.4.0',
67 verbose parsed url   path: 'grunt-nodemon@^0.4.0',
67 verbose parsed url   href: 'grunt-nodemon@^0.4.0' }
68 verbose cache add [ 'grunt-sass@^0.18.0', null ]
69 verbose cache add name=undefined spec="grunt-sass@^0.18.0" args=["grunt-sass@^0.18.0",null]
70 verbose parsed url { protocol: null,
70 verbose parsed url   slashes: null,
70 verbose parsed url   auth: null,
70 verbose parsed url   host: null,
70 verbose parsed url   port: null,
70 verbose parsed url   hostname: null,
70 verbose parsed url   hash: null,
70 verbose parsed url   search: null,
70 verbose parsed url   query: null,
70 verbose parsed url   pathname: 'grunt-sass@^0.18.0',
70 verbose parsed url   path: 'grunt-sass@^0.18.0',
70 verbose parsed url   href: 'grunt-sass@^0.18.0' }
71 verbose cache add name="grunt-contrib-concat" spec="^0.5.1" args=["grunt-contrib-concat","^0.5.1"]
72 verbose parsed url { protocol: null,
72 verbose parsed url   slashes: null,
72 verbose parsed url   auth: null,
72 verbose parsed url   host: null,
72 verbose parsed url   port: null,
72 verbose parsed url   hostname: null,
72 verbose parsed url   hash: null,
72 verbose parsed url   search: null,
72 verbose parsed url   query: null,
72 verbose parsed url   pathname: '^0.5.1',
72 verbose parsed url   path: '^0.5.1',
72 verbose parsed url   href: '^0.5.1' }
73 verbose addNamed [ 'grunt-contrib-concat', '^0.5.1' ]
74 verbose addNamed [ null, '>=0.5.1-0 <0.6.0-0' ]
75 silly lockFile f332e6fb-grunt-contrib-concat-0-5-1 grunt-contrib-concat@^0.5.1
76 verbose lock grunt-contrib-concat@^0.5.1 /Users/nicholas/.npm/f332e6fb-grunt-contrib-concat-0-5-1.lock
77 silly addNameRange { name: 'grunt', range: '>=0.4.5-0 <0.5.0-0', hasData: false }
78 verbose cache add name="grunt-contrib-uglify" spec="^0.8.0" args=["grunt-contrib-uglify","^0.8.0"]
79 verbose parsed url { protocol: null,
79 verbose parsed url   slashes: null,
79 verbose parsed url   auth: null,
79 verbose parsed url   host: null,
79 verbose parsed url   port: null,
79 verbose parsed url   hostname: null,
79 verbose parsed url   hash: null,
79 verbose parsed url   search: null,
79 verbose parsed url   query: null,
79 verbose parsed url   pathname: '^0.8.0',
79 verbose parsed url   path: '^0.8.0',
79 verbose parsed url   href: '^0.8.0' }
80 verbose addNamed [ 'grunt-contrib-uglify', '^0.8.0' ]
81 verbose addNamed [ null, '>=0.8.0-0 <0.9.0-0' ]
82 silly lockFile 45ed070c-grunt-contrib-uglify-0-8-0 grunt-contrib-uglify@^0.8.0
83 verbose lock grunt-contrib-uglify@^0.8.0 /Users/nicholas/.npm/45ed070c-grunt-contrib-uglify-0-8-0.lock
84 verbose cache add name="grunt-contrib-watch" spec="^0.6.1" args=["grunt-contrib-watch","^0.6.1"]
85 verbose parsed url { protocol: null,
85 verbose parsed url   slashes: null,
85 verbose parsed url   auth: null,
85 verbose parsed url   host: null,
85 verbose parsed url   port: null,
85 verbose parsed url   hostname: null,
85 verbose parsed url   hash: null,
85 verbose parsed url   search: null,
85 verbose parsed url   query: null,
85 verbose parsed url   pathname: '^0.6.1',
85 verbose parsed url   path: '^0.6.1',
85 verbose parsed url   href: '^0.6.1' }
86 verbose addNamed [ 'grunt-contrib-watch', '^0.6.1' ]
87 verbose addNamed [ null, '>=0.6.1-0 <0.7.0-0' ]
88 silly lockFile 224b1ece-grunt-contrib-watch-0-6-1 grunt-contrib-watch@^0.6.1
89 verbose lock grunt-contrib-watch@^0.6.1 /Users/nicholas/.npm/224b1ece-grunt-contrib-watch-0-6-1.lock
90 verbose cache add name="grunt-nodemon" spec="^0.4.0" args=["grunt-nodemon","^0.4.0"]
91 verbose parsed url { protocol: null,
91 verbose parsed url   slashes: null,
91 verbose parsed url   auth: null,
91 verbose parsed url   host: null,
91 verbose parsed url   port: null,
91 verbose parsed url   hostname: null,
91 verbose parsed url   hash: null,
91 verbose parsed url   search: null,
91 verbose parsed url   query: null,
91 verbose parsed url   pathname: '^0.4.0',
91 verbose parsed url   path: '^0.4.0',
91 verbose parsed url   href: '^0.4.0' }
92 verbose addNamed [ 'grunt-nodemon', '^0.4.0' ]
93 verbose addNamed [ null, '>=0.4.0-0 <0.5.0-0' ]
94 silly lockFile 4f6650e6-grunt-nodemon-0-4-0 grunt-nodemon@^0.4.0
95 verbose lock grunt-nodemon@^0.4.0 /Users/nicholas/.npm/4f6650e6-grunt-nodemon-0-4-0.lock
96 verbose cache add [ 'jade@~1.9.1', null ]
97 verbose cache add name=undefined spec="jade@~1.9.1" args=["jade@~1.9.1",null]
98 verbose parsed url { protocol: null,
98 verbose parsed url   slashes: null,
98 verbose parsed url   auth: null,
98 verbose parsed url   host: null,
98 verbose parsed url   port: null,
98 verbose parsed url   hostname: null,
98 verbose parsed url   hash: null,
98 verbose parsed url   search: null,
98 verbose parsed url   query: null,
98 verbose parsed url   pathname: 'jade@~1.9.1',
98 verbose parsed url   path: 'jade@~1.9.1',
98 verbose parsed url   href: 'jade@~1.9.1' }
99 verbose cache add [ 'morgan@~1.5.1', null ]
100 verbose cache add name=undefined spec="morgan@~1.5.1" args=["morgan@~1.5.1",null]
101 verbose parsed url { protocol: null,
101 verbose parsed url   slashes: null,
101 verbose parsed url   auth: null,
101 verbose parsed url   host: null,
101 verbose parsed url   port: null,
101 verbose parsed url   hostname: null,
101 verbose parsed url   hash: null,
101 verbose parsed url   search: null,
101 verbose parsed url   query: null,
101 verbose parsed url   pathname: 'morgan@~1.5.1',
101 verbose parsed url   path: 'morgan@~1.5.1',
101 verbose parsed url   href: 'morgan@~1.5.1' }
102 verbose cache add [ 'native-promise-only@^0.7.6-a', null ]
103 verbose cache add name=undefined spec="native-promise-only@^0.7.6-a" args=["native-promise-only@^0.7.6-a",null]
104 verbose parsed url { protocol: null,
104 verbose parsed url   slashes: null,
104 verbose parsed url   auth: null,
104 verbose parsed url   host: null,
104 verbose parsed url   port: null,
104 verbose parsed url   hostname: null,
104 verbose parsed url   hash: null,
104 verbose parsed url   search: null,
104 verbose parsed url   query: null,
104 verbose parsed url   pathname: 'native-promise-only@^0.7.6-a',
104 verbose parsed url   path: 'native-promise-only@^0.7.6-a',
104 verbose parsed url   href: 'native-promise-only@^0.7.6-a' }
105 verbose cache add name="grunt-sass" spec="^0.18.0" args=["grunt-sass","^0.18.0"]
106 verbose parsed url { protocol: null,
106 verbose parsed url   slashes: null,
106 verbose parsed url   auth: null,
106 verbose parsed url   host: null,
106 verbose parsed url   port: null,
106 verbose parsed url   hostname: null,
106 verbose parsed url   hash: null,
106 verbose parsed url   search: null,
106 verbose parsed url   query: null,
106 verbose parsed url   pathname: '^0.18.0',
106 verbose parsed url   path: '^0.18.0',
106 verbose parsed url   href: '^0.18.0' }
107 verbose addNamed [ 'grunt-sass', '^0.18.0' ]
108 verbose addNamed [ null, '>=0.18.0-0 <0.19.0-0' ]
109 silly lockFile 458daac5-grunt-sass-0-18-0 grunt-sass@^0.18.0
110 verbose lock grunt-sass@^0.18.0 /Users/nicholas/.npm/458daac5-grunt-sass-0-18-0.lock
111 silly addNameRange { name: 'grunt-cli',
111 silly addNameRange   range: '>=0.1.13-0 <0.2.0-0',
111 silly addNameRange   hasData: false }
112 verbose cache add name="jade" spec="~1.9.1" args=["jade","~1.9.1"]
113 verbose parsed url { protocol: null,
113 verbose parsed url   slashes: null,
113 verbose parsed url   auth: null,
113 verbose parsed url   host: null,
113 verbose parsed url   port: null,
113 verbose parsed url   hostname: null,
113 verbose parsed url   hash: null,
113 verbose parsed url   search: null,
113 verbose parsed url   query: null,
113 verbose parsed url   pathname: '~1.9.1',
113 verbose parsed url   path: '~1.9.1',
113 verbose parsed url   href: '~1.9.1' }
114 verbose addNamed [ 'jade', '~1.9.1' ]
115 verbose addNamed [ null, '>=1.9.1-0 <1.10.0-0' ]
116 silly lockFile 73eba92c-jade-1-9-1 jade@~1.9.1
117 verbose lock jade@~1.9.1 /Users/nicholas/.npm/73eba92c-jade-1-9-1.lock
118 verbose cache add name="morgan" spec="~1.5.1" args=["morgan","~1.5.1"]
119 verbose parsed url { protocol: null,
119 verbose parsed url   slashes: null,
119 verbose parsed url   auth: null,
119 verbose parsed url   host: null,
119 verbose parsed url   port: null,
119 verbose parsed url   hostname: null,
119 verbose parsed url   hash: null,
119 verbose parsed url   search: null,
119 verbose parsed url   query: null,
119 verbose parsed url   pathname: '~1.5.1',
119 verbose parsed url   path: '~1.5.1',
119 verbose parsed url   href: '~1.5.1' }
120 verbose addNamed [ 'morgan', '~1.5.1' ]
121 verbose addNamed [ null, '>=1.5.1-0 <1.6.0-0' ]
122 silly lockFile 66ba047d-morgan-1-5-1 morgan@~1.5.1
123 verbose lock morgan@~1.5.1 /Users/nicholas/.npm/66ba047d-morgan-1-5-1.lock
124 verbose cache add [ 'nodemon@^1.3.7', null ]
125 verbose cache add name=undefined spec="nodemon@^1.3.7" args=["nodemon@^1.3.7",null]
126 verbose parsed url { protocol: null,
126 verbose parsed url   slashes: null,
126 verbose parsed url   auth: null,
126 verbose parsed url   host: null,
126 verbose parsed url   port: null,
126 verbose parsed url   hostname: null,
126 verbose parsed url   hash: null,
126 verbose parsed url   search: null,
126 verbose parsed url   query: null,
126 verbose parsed url   pathname: 'nodemon@^1.3.7',
126 verbose parsed url   path: 'nodemon@^1.3.7',
126 verbose parsed url   href: 'nodemon@^1.3.7' }
127 verbose cache add [ 'request@^2.53.0', null ]
128 verbose cache add name=undefined spec="request@^2.53.0" args=["request@^2.53.0",null]
129 verbose parsed url { protocol: null,
129 verbose parsed url   slashes: null,
129 verbose parsed url   auth: null,
129 verbose parsed url   host: null,
129 verbose parsed url   port: null,
129 verbose parsed url   hostname: null,
129 verbose parsed url   hash: null,
129 verbose parsed url   search: null,
129 verbose parsed url   query: null,
129 verbose parsed url   pathname: 'request@^2.53.0',
129 verbose parsed url   path: 'request@^2.53.0',
129 verbose parsed url   href: 'request@^2.53.0' }
130 verbose cache add name="native-promise-only" spec="^0.7.6-a" args=["native-promise-only","^0.7.6-a"]
131 verbose parsed url { protocol: null,
131 verbose parsed url   slashes: null,
131 verbose parsed url   auth: null,
131 verbose parsed url   host: null,
131 verbose parsed url   port: null,
131 verbose parsed url   hostname: null,
131 verbose parsed url   hash: null,
131 verbose parsed url   search: null,
131 verbose parsed url   query: null,
131 verbose parsed url   pathname: '^0.7.6-a',
131 verbose parsed url   path: '^0.7.6-a',
131 verbose parsed url   href: '^0.7.6-a' }
132 verbose addNamed [ 'native-promise-only', '^0.7.6-a' ]
133 verbose addNamed [ null, '>=0.7.6-a <0.8.0-0' ]
134 silly lockFile 5fc0ce29-native-promise-only-0-7-6-a native-promise-only@^0.7.6-a
135 verbose lock native-promise-only@^0.7.6-a /Users/nicholas/.npm/5fc0ce29-native-promise-only-0-7-6-a.lock
136 silly addNameRange { name: 'grunt-contrib-concat',
136 silly addNameRange   range: '>=0.5.1-0 <0.6.0-0',
136 silly addNameRange   hasData: false }
137 silly addNameRange { name: 'grunt-contrib-uglify',
137 silly addNameRange   range: '>=0.8.0-0 <0.9.0-0',
137 silly addNameRange   hasData: false }
138 silly addNameRange { name: 'grunt-contrib-watch',
138 silly addNameRange   range: '>=0.6.1-0 <0.7.0-0',
138 silly addNameRange   hasData: false }
139 silly addNameRange { name: 'grunt-nodemon',
139 silly addNameRange   range: '>=0.4.0-0 <0.5.0-0',
139 silly addNameRange   hasData: false }
140 verbose cache add name="nodemon" spec="^1.3.7" args=["nodemon","^1.3.7"]
141 verbose parsed url { protocol: null,
141 verbose parsed url   slashes: null,
141 verbose parsed url   auth: null,
141 verbose parsed url   host: null,
141 verbose parsed url   port: null,
141 verbose parsed url   hostname: null,
141 verbose parsed url   hash: null,
141 verbose parsed url   search: null,
141 verbose parsed url   query: null,
141 verbose parsed url   pathname: '^1.3.7',
141 verbose parsed url   path: '^1.3.7',
141 verbose parsed url   href: '^1.3.7' }
142 verbose addNamed [ 'nodemon', '^1.3.7' ]
143 verbose addNamed [ null, '>=1.3.7-0 <2.0.0-0' ]
144 silly lockFile 489cc511-nodemon-1-3-7 nodemon@^1.3.7
145 verbose lock nodemon@^1.3.7 /Users/nicholas/.npm/489cc511-nodemon-1-3-7.lock
146 verbose cache add [ 'serve-favicon@~2.2.0', null ]
147 verbose cache add name=undefined spec="serve-favicon@~2.2.0" args=["serve-favicon@~2.2.0",null]
148 verbose parsed url { protocol: null,
148 verbose parsed url   slashes: null,
148 verbose parsed url   auth: null,
148 verbose parsed url   host: null,
148 verbose parsed url   port: null,
148 verbose parsed url   hostname: null,
148 verbose parsed url   hash: null,
148 verbose parsed url   search: null,
148 verbose parsed url   query: null,
148 verbose parsed url   pathname: 'serve-favicon@~2.2.0',
148 verbose parsed url   path: 'serve-favicon@~2.2.0',
148 verbose parsed url   href: 'serve-favicon@~2.2.0' }
149 verbose cache add name="request" spec="^2.53.0" args=["request","^2.53.0"]
150 verbose parsed url { protocol: null,
150 verbose parsed url   slashes: null,
150 verbose parsed url   auth: null,
150 verbose parsed url   host: null,
150 verbose parsed url   port: null,
150 verbose parsed url   hostname: null,
150 verbose parsed url   hash: null,
150 verbose parsed url   search: null,
150 verbose parsed url   query: null,
150 verbose parsed url   pathname: '^2.53.0',
150 verbose parsed url   path: '^2.53.0',
150 verbose parsed url   href: '^2.53.0' }
151 verbose addNamed [ 'request', '^2.53.0' ]
152 verbose addNamed [ null, '>=2.53.0-0 <3.0.0-0' ]
153 silly lockFile a3f480e5-request-2-53-0 request@^2.53.0
154 verbose lock request@^2.53.0 /Users/nicholas/.npm/a3f480e5-request-2-53-0.lock
155 silly addNameRange { name: 'grunt-sass',
155 silly addNameRange   range: '>=0.18.0-0 <0.19.0-0',
155 silly addNameRange   hasData: false }
156 verbose request where is /grunt-nodemon
157 verbose request registry https://registry.npmjs.org/
158 verbose request id ed4254c75a277609
159 verbose url raw /grunt-nodemon
160 verbose url resolving [ 'https://registry.npmjs.org/', './grunt-nodemon' ]
161 verbose url resolved https://registry.npmjs.org/grunt-nodemon
162 verbose request where is https://registry.npmjs.org/grunt-nodemon
163 info trying registry request attempt 1 at 13:10:50
164 http GET https://registry.npmjs.org/grunt-nodemon
165 silly addNameRange { name: 'jade', range: '>=1.9.1-0 <1.10.0-0', hasData: false }
166 silly addNameRange { name: 'morgan', range: '>=1.5.1-0 <1.6.0-0', hasData: false }
167 verbose cache add name="serve-favicon" spec="~2.2.0" args=["serve-favicon","~2.2.0"]
168 verbose parsed url { protocol: null,
168 verbose parsed url   slashes: null,
168 verbose parsed url   auth: null,
168 verbose parsed url   host: null,
168 verbose parsed url   port: null,
168 verbose parsed url   hostname: null,
168 verbose parsed url   hash: null,
168 verbose parsed url   search: null,
168 verbose parsed url   query: null,
168 verbose parsed url   pathname: '~2.2.0',
168 verbose parsed url   path: '~2.2.0',
168 verbose parsed url   href: '~2.2.0' }
169 verbose addNamed [ 'serve-favicon', '~2.2.0' ]
170 verbose addNamed [ null, '>=2.2.0-0 <2.3.0-0' ]
171 silly lockFile 9df5bad7-serve-favicon-2-2-0 serve-favicon@~2.2.0
172 verbose lock serve-favicon@~2.2.0 /Users/nicholas/.npm/9df5bad7-serve-favicon-2-2-0.lock
173 silly addNameRange { name: 'native-promise-only',
173 silly addNameRange   range: '>=0.7.6-a <0.8.0-0',
173 silly addNameRange   hasData: false }
174 verbose request where is /body-parser
175 verbose request registry https://registry.npmjs.org/
176 verbose url raw /body-parser
177 verbose url resolving [ 'https://registry.npmjs.org/', './body-parser' ]
178 verbose url resolved https://registry.npmjs.org/body-parser
179 verbose request where is https://registry.npmjs.org/body-parser
180 info trying registry request attempt 1 at 13:10:50
181 verbose etag "1VW86JUBFCTE418FHF30UW3MX"
182 http GET https://registry.npmjs.org/body-parser
183 verbose request where is /cookie-parser
184 verbose request registry https://registry.npmjs.org/
185 verbose url raw /cookie-parser
186 verbose url resolving [ 'https://registry.npmjs.org/', './cookie-parser' ]
187 verbose url resolved https://registry.npmjs.org/cookie-parser
188 verbose request where is https://registry.npmjs.org/cookie-parser
189 info trying registry request attempt 1 at 13:10:50
190 verbose etag "AMDTUQWL1BO9IZP9KRQ4Z5FUJ"
191 http GET https://registry.npmjs.org/cookie-parser
192 silly addNameRange { name: 'nodemon', range: '>=1.3.7-0 <2.0.0-0', hasData: false }
193 verbose request where is /native-promise-only
194 verbose request registry https://registry.npmjs.org/
195 verbose url raw /native-promise-only
196 verbose url resolving [ 'https://registry.npmjs.org/', './native-promise-only' ]
197 verbose url resolved https://registry.npmjs.org/native-promise-only
198 verbose request where is https://registry.npmjs.org/native-promise-only
199 info trying registry request attempt 1 at 13:10:50
200 http GET https://registry.npmjs.org/native-promise-only
201 silly addNameRange { name: 'request', range: '>=2.53.0-0 <3.0.0-0', hasData: false }
202 verbose request where is /express
203 verbose request registry https://registry.npmjs.org/
204 verbose url raw /express
205 verbose url resolving [ 'https://registry.npmjs.org/', './express' ]
206 verbose url resolved https://registry.npmjs.org/express
207 verbose request where is https://registry.npmjs.org/express
208 info trying registry request attempt 1 at 13:10:50
209 verbose etag "1VJLWPNS2PPVJSGHX1L5Q6E7O"
210 http GET https://registry.npmjs.org/express
211 verbose request where is /grunt
212 verbose request registry https://registry.npmjs.org/
213 verbose url raw /grunt
214 verbose url resolving [ 'https://registry.npmjs.org/', './grunt' ]
215 verbose url resolved https://registry.npmjs.org/grunt
216 verbose request where is https://registry.npmjs.org/grunt
217 info trying registry request attempt 1 at 13:10:50
218 verbose etag "2O6WAHWXQSOCRB1KPNNW7OS1F"
219 http GET https://registry.npmjs.org/grunt
220 verbose request where is /nodemon
221 verbose request registry https://registry.npmjs.org/
222 verbose url raw /nodemon
223 verbose url resolving [ 'https://registry.npmjs.org/', './nodemon' ]
224 verbose url resolved https://registry.npmjs.org/nodemon
225 verbose request where is https://registry.npmjs.org/nodemon
226 info trying registry request attempt 1 at 13:10:50
227 http GET https://registry.npmjs.org/nodemon
228 silly addNameRange { name: 'serve-favicon',
228 silly addNameRange   range: '>=2.2.0-0 <2.3.0-0',
228 silly addNameRange   hasData: false }
229 verbose request where is /grunt-cli
230 verbose request registry https://registry.npmjs.org/
231 verbose url raw /grunt-cli
232 verbose url resolving [ 'https://registry.npmjs.org/', './grunt-cli' ]
233 verbose url resolved https://registry.npmjs.org/grunt-cli
234 verbose request where is https://registry.npmjs.org/grunt-cli
235 info trying registry request attempt 1 at 13:10:50
236 verbose etag "D3KKKP0582UGXKGJIL0XMPWFQ"
237 http GET https://registry.npmjs.org/grunt-cli
238 verbose request where is /grunt-contrib-concat
239 verbose request registry https://registry.npmjs.org/
240 verbose url raw /grunt-contrib-concat
241 verbose url resolving [ 'https://registry.npmjs.org/', './grunt-contrib-concat' ]
242 verbose url resolved https://registry.npmjs.org/grunt-contrib-concat
243 verbose request where is https://registry.npmjs.org/grunt-contrib-concat
244 info trying registry request attempt 1 at 13:10:50
245 verbose etag "DLYPAQOB5VIGPC3QG35JXX3OL"
246 http GET https://registry.npmjs.org/grunt-contrib-concat
247 verbose request where is /grunt-contrib-uglify
248 verbose request registry https://registry.npmjs.org/
249 verbose url raw /grunt-contrib-uglify
250 verbose url resolving [ 'https://registry.npmjs.org/', './grunt-contrib-uglify' ]
251 verbose url resolved https://registry.npmjs.org/grunt-contrib-uglify
252 verbose request where is https://registry.npmjs.org/grunt-contrib-uglify
253 info trying registry request attempt 1 at 13:10:50
254 verbose etag "6ZGTJUQ2O3RLQR76WWVNULBTY"
255 http GET https://registry.npmjs.org/grunt-contrib-uglify
256 verbose request where is /grunt-contrib-watch
257 verbose request registry https://registry.npmjs.org/
258 verbose url raw /grunt-contrib-watch
259 verbose url resolving [ 'https://registry.npmjs.org/', './grunt-contrib-watch' ]
260 verbose url resolved https://registry.npmjs.org/grunt-contrib-watch
261 verbose request where is https://registry.npmjs.org/grunt-contrib-watch
262 info trying registry request attempt 1 at 13:10:50
263 verbose etag "95HYAJRDZDU0TVHJDBNCA545U"
264 http GET https://registry.npmjs.org/grunt-contrib-watch
265 verbose request where is /grunt-sass
266 verbose request registry https://registry.npmjs.org/
267 verbose url raw /grunt-sass
268 verbose url resolving [ 'https://registry.npmjs.org/', './grunt-sass' ]
269 verbose url resolved https://registry.npmjs.org/grunt-sass
270 verbose request where is https://registry.npmjs.org/grunt-sass
271 info trying registry request attempt 1 at 13:10:50
272 verbose etag "ERU87L5AGS5CWXZD6ZN55ETG4"
273 http GET https://registry.npmjs.org/grunt-sass
274 verbose request where is /jade
275 verbose request registry https://registry.npmjs.org/
276 verbose url raw /jade
277 verbose url resolving [ 'https://registry.npmjs.org/', './jade' ]
278 verbose url resolved https://registry.npmjs.org/jade
279 verbose request where is https://registry.npmjs.org/jade
280 info trying registry request attempt 1 at 13:10:50
281 verbose etag "3SZ5YK7HMV453UVD29XGLJT6Z"
282 http GET https://registry.npmjs.org/jade
283 verbose request where is /morgan
284 verbose request registry https://registry.npmjs.org/
285 verbose url raw /morgan
286 verbose url resolving [ 'https://registry.npmjs.org/', './morgan' ]
287 verbose url resolved https://registry.npmjs.org/morgan
288 verbose request where is https://registry.npmjs.org/morgan
289 info trying registry request attempt 1 at 13:10:50
290 verbose etag "1K9YEBUETVSA9LO1JSULWY06A"
291 http GET https://registry.npmjs.org/morgan
292 verbose request where is /serve-favicon
293 verbose request registry https://registry.npmjs.org/
294 verbose url raw /serve-favicon
295 verbose url resolving [ 'https://registry.npmjs.org/', './serve-favicon' ]
296 verbose url resolved https://registry.npmjs.org/serve-favicon
297 verbose request where is https://registry.npmjs.org/serve-favicon
298 info trying registry request attempt 1 at 13:10:50
299 verbose etag "CW0HF4VDAMAFGXS5G1JD88SRR"
300 http GET https://registry.npmjs.org/serve-favicon
301 verbose request where is /request
302 verbose request registry https://registry.npmjs.org/
303 verbose url raw /request
304 verbose url resolving [ 'https://registry.npmjs.org/', './request' ]
305 verbose url resolved https://registry.npmjs.org/request
306 verbose request where is https://registry.npmjs.org/request
307 info trying registry request attempt 1 at 13:10:50
308 verbose etag "9BLF6YWAE935TON68ZIGMOGSJ"
309 http GET https://registry.npmjs.org/request
310 http 200 https://registry.npmjs.org/cookie-parser
311 silly registry.get cb [ 200,
311 silly registry.get   { date: 'Sat, 28 Feb 2015 13:10:50 GMT',
311 silly registry.get     server: 'CouchDB/1.5.0 (Erlang OTP/R16B03)',
311 silly registry.get     etag: '"8KR57KYQWJ98W0KIFESGXKOOO"',
311 silly registry.get     'content-type': 'application/json',
311 silly registry.get     'cache-control': 'max-age=60',
311 silly registry.get     'content-length': '15767',
311 silly registry.get     'accept-ranges': 'bytes',
311 silly registry.get     via: '1.1 varnish',
311 silly registry.get     age: '6',
311 silly registry.get     'x-served-by': 'cache-ams4145-AMS',
311 silly registry.get     'x-cache': 'HIT',
311 silly registry.get     'x-cache-hits': '1',
311 silly registry.get     'x-timer': 'S1425129050.875800,VS0,VE0',
311 silly registry.get     vary: 'Accept',
311 silly registry.get     'keep-alive': 'timeout=10, max=50',
311 silly registry.get     connection: 'Keep-Alive' } ]
312 silly addNameRange number 2 { name: 'cookie-parser',
312 silly addNameRange   range: '>=1.3.3-0 <1.4.0-0',
312 silly addNameRange   hasData: true }
313 silly addNameRange versions [ 'cookie-parser',
313 silly addNameRange   [ '1.0.0',
313 silly addNameRange     '1.0.1',
313 silly addNameRange     '1.1.0',
313 silly addNameRange     '1.2.0',
313 silly addNameRange     '1.3.0',
313 silly addNameRange     '1.3.1',
313 silly addNameRange     '1.3.2',
313 silly addNameRange     '1.3.3',
313 silly addNameRange     '1.3.4' ] ]
314 verbose addNamed [ 'cookie-parser', '1.3.4' ]
315 verbose addNamed [ '1.3.4', '1.3.4' ]
316 silly lockFile db8a9715-cookie-parser-1-3-4 cookie-parser@1.3.4
317 verbose lock cookie-parser@1.3.4 /Users/nicholas/.npm/db8a9715-cookie-parser-1-3-4.lock
318 silly lockFile db8a9715-cookie-parser-1-3-4 cookie-parser@1.3.4
319 silly lockFile db8a9715-cookie-parser-1-3-4 cookie-parser@1.3.4
320 silly lockFile bf5babd8-cookie-parser-1-3-3 cookie-parser@~1.3.3
321 silly lockFile bf5babd8-cookie-parser-1-3-3 cookie-parser@~1.3.3
322 http 200 https://registry.npmjs.org/body-parser
323 silly registry.get cb [ 200,
323 silly registry.get   { date: 'Sat, 28 Feb 2015 13:10:50 GMT',
323 silly registry.get     server: 'CouchDB/1.5.0 (Erlang OTP/R16B03)',
323 silly registry.get     etag: '"4U91Q41SKBMFLBLVZNJ3AS7F8"',
323 silly registry.get     'content-type': 'application/json',
323 silly registry.get     'cache-control': 'max-age=60',
323 silly registry.get     'content-length': '87883',
323 silly registry.get     'accept-ranges': 'bytes',
323 silly registry.get     via: '1.1 varnish',
323 silly registry.get     age: '7',
323 silly registry.get     'x-served-by': 'cache-ams4144-AMS',
323 silly registry.get     'x-cache': 'HIT',
323 silly registry.get     'x-cache-hits': '1',
323 silly registry.get     'x-timer': 'S1425129050.868832,VS0,VE0',
323 silly registry.get     vary: 'Accept',
323 silly registry.get     'keep-alive': 'timeout=10, max=50',
323 silly registry.get     connection: 'Keep-Alive' } ]
324 silly addNameRange number 2 { name: 'body-parser',
324 silly addNameRange   range: '>=1.10.2-0 <1.11.0-0',
324 silly addNameRange   hasData: true }
325 silly addNameRange versions [ 'body-parser',
325 silly addNameRange   [ '1.0.0',
325 silly addNameRange     '1.0.1',
325 silly addNameRange     '1.0.2',
325 silly addNameRange     '1.1.0',
325 silly addNameRange     '1.1.1',
325 silly addNameRange     '1.1.2',
325 silly addNameRange     '1.2.0',
325 silly addNameRange     '1.2.1',
325 silly addNameRange     '1.2.2',
325 silly addNameRange     '1.3.0',
325 silly addNameRange     '1.3.1',
325 silly addNameRange     '1.4.0',
325 silly addNameRange     '1.4.1',
325 silly addNameRange     '1.4.2',
325 silly addNameRange     '1.4.3',
325 silly addNameRange     '1.5.0',
325 silly addNameRange     '1.5.1',
325 silly addNameRange     '1.5.2',
325 silly addNameRange     '1.6.0',
325 silly addNameRange     '1.6.1',
325 silly addNameRange     '1.6.2',
325 silly addNameRange     '1.6.3',
325 silly addNameRange     '1.6.4',
325 silly addNameRange     '1.6.5',
325 silly addNameRange     '1.6.6',
325 silly addNameRange     '1.6.7',
325 silly addNameRange     '1.7.0',
325 silly addNameRange     '1.8.0',
325 silly addNameRange     '1.8.1',
325 silly addNameRange     '1.8.2',
325 silly addNameRange     '1.8.3',
325 silly addNameRange     '1.8.4',
325 silly addNameRange     '1.9.0',
325 silly addNameRange     '1.9.1',
325 silly addNameRange     '1.9.2',
325 silly addNameRange     '1.9.3',
325 silly addNameRange     '1.10.0',
325 silly addNameRange     '1.10.1',
325 silly addNameRange     '1.10.2',
325 silly addNameRange     '1.11.0',
325 silly addNameRange     '1.12.0' ] ]
326 verbose addNamed [ 'body-parser', '1.10.2' ]
327 verbose addNamed [ '1.10.2', '1.10.2' ]
328 silly lockFile 6255e82a-body-parser-1-10-2 body-parser@1.10.2
329 verbose lock body-parser@1.10.2 /Users/nicholas/.npm/6255e82a-body-parser-1-10-2.lock
330 silly lockFile 76df2ab8-dy-parser-body-parser-1-10-2-tgz https://registry.npmjs.org/body-parser/-/body-parser-1.10.2.tgz
331 verbose lock https://registry.npmjs.org/body-parser/-/body-parser-1.10.2.tgz /Users/nicholas/.npm/76df2ab8-dy-parser-body-parser-1-10-2-tgz.lock
332 verbose addRemoteTarball [ 'https://registry.npmjs.org/body-parser/-/body-parser-1.10.2.tgz',
332 verbose addRemoteTarball   '405d465fcd3ccf0ea8a35adbf1055f6e98316bd1' ]
333 info retry fetch attempt 1 at 13:10:51
334 verbose fetch to= /var/folders/s4/bswh43rs0r16qmq6cg7dvpxr0000gn/T/npm-762-J1j-4fR3/registry.npmjs.org/body-parser/-/body-parser-1.10.2.tgz
335 http GET https://registry.npmjs.org/body-parser/-/body-parser-1.10.2.tgz
336 http 200 https://registry.npmjs.org/grunt
337 silly registry.get cb [ 200,
337 silly registry.get   { date: 'Sat, 28 Feb 2015 13:10:51 GMT',
337 silly registry.get     server: 'CouchDB/1.5.0 (Erlang OTP/R16B03)',
337 silly registry.get     etag: '"F4LOXH5PUU69QITIRIPFWDW4G"',
337 silly registry.get     'content-type': 'application/json',
337 silly registry.get     'cache-control': 'max-age=60',
337 silly registry.get     'content-length': '88499',
337 silly registry.get     'accept-ranges': 'bytes',
337 silly registry.get     via: '1.1 varnish',
337 silly registry.get     age: '60',
337 silly registry.get     'x-served-by': 'cache-ams4145-AMS',
337 silly registry.get     'x-cache': 'HIT',
337 silly registry.get     'x-cache-hits': '1',
337 silly registry.get     'x-timer': 'S1425129051.050462,VS0,VE0',
337 silly registry.get     vary: 'Accept',
337 silly registry.get     'keep-alive': 'timeout=10, max=49',
337 silly registry.get     connection: 'Keep-Alive' } ]
338 silly addNameRange number 2 { name: 'grunt', range: '>=0.4.5-0 <0.5.0-0', hasData: true }
339 silly addNameRange versions [ 'grunt',
339 silly addNameRange   [ '0.1.0',
339 silly addNameRange     '0.1.1',
339 silly addNameRange     '0.1.2',
339 silly addNameRange     '0.2.0',
339 silly addNameRange     '0.2.1',
339 silly addNameRange     '0.2.2',
339 silly addNameRange     '0.2.3',
339 silly addNameRange     '0.2.4',
339 silly addNameRange     '0.2.5',
339 silly addNameRange     '0.2.6',
339 silly addNameRange     '0.2.7',
339 silly addNameRange     '0.2.8',
339 silly addNameRange     '0.2.9',
339 silly addNameRange     '0.2.10',
339 silly addNameRange     '0.2.11',
339 silly addNameRange     '0.2.12',
339 silly addNameRange     '0.2.13',
339 silly addNameRange     '0.2.14',
339 silly addNameRange     '0.2.15',
339 silly addNameRange     '0.3.0',
339 silly addNameRange     '0.3.1',
339 silly addNameRange     '0.3.2',
339 silly addNameRange     '0.3.3',
339 silly addNameRange     '0.3.4',
339 silly addNameRange     '0.3.5',
339 silly addNameRange     '0.3.6',
339 silly addNameRange     '0.3.7',
339 silly addNameRange     '0.3.8',
339 silly addNameRange     '0.3.9',
339 silly addNameRange     '0.3.10',
339 silly addNameRange     '0.3.11',
339 silly addNameRange     '0.3.12',
339 silly addNameRange     '0.3.13',
339 silly addNameRange     '0.3.14',
339 silly addNameRange     '0.3.15',
339 silly addNameRange     '0.3.16',
339 silly addNameRange     '0.3.17',
339 silly addNameRange     '0.4.0',
339 silly addNameRange     '0.4.1',
339 silly addNameRange     '0.4.2',
339 silly addNameRange     '0.4.3',
339 silly addNameRange     '0.4.4',
339 silly addNameRange     '0.4.5',
339 silly addNameRange     '0.3.13-a',
339 silly addNameRange     '0.4.0-a',
339 silly addNameRange     '0.4.0-rc1',
339 silly addNameRange     '0.4.0-rc2',
339 silly addNameRange     '0.4.0-rc3',
339 silly addNameRange     '0.4.0-rc4',
339 silly addNameRange     '0.4.0-rc5',
339 silly addNameRange     '0.4.0-rc6',
339 silly addNameRange     '0.4.0-rc7',
339 silly addNameRange     '0.4.0-rc8' ] ]
340 verbose addNamed [ 'grunt', '0.4.5' ]
341 verbose addNamed [ '0.4.5', '0.4.5' ]
342 silly lockFile 81abf7ad-grunt-0-4-5 grunt@0.4.5
343 verbose lock grunt@0.4.5 /Users/nicholas/.npm/81abf7ad-grunt-0-4-5.lock
344 silly lockFile 81abf7ad-grunt-0-4-5 grunt@0.4.5
345 silly lockFile 81abf7ad-grunt-0-4-5 grunt@0.4.5
346 silly lockFile 73541f84-grunt-0-4-5 grunt@^0.4.5
347 silly lockFile 73541f84-grunt-0-4-5 grunt@^0.4.5
348 http 200 https://registry.npmjs.org/grunt-cli
349 silly registry.get cb [ 200,
349 silly registry.get   { date: 'Sat, 28 Feb 2015 13:10:51 GMT',
349 silly registry.get     server: 'CouchDB/1.5.0 (Erlang OTP/R16B03)',
349 silly registry.get     etag: '"8MIDUSS81SHCZ2EKBOQW06E0V"',
349 silly registry.get     'content-type': 'application/json',
349 silly registry.get     'cache-control': 'max-age=60',
349 silly registry.get     'content-length': '20533',
349 silly registry.get     'accept-ranges': 'bytes',
349 silly registry.get     via: '1.1 varnish',
349 silly registry.get     age: '53',
349 silly registry.get     'x-served-by': 'cache-ams4145-AMS',
349 silly registry.get     'x-cache': 'HIT',
349 silly registry.get     'x-cache-hits': '1',
349 silly registry.get     'x-timer': 'S1425129051.311322,VS0,VE1',
349 silly registry.get     vary: 'Accept',
349 silly registry.get     'keep-alive': 'timeout=10, max=48',
349 silly registry.get     connection: 'Keep-Alive' } ]
350 silly addNameRange number 2 { name: 'grunt-cli',
350 silly addNameRange   range: '>=0.1.13-0 <0.2.0-0',
350 silly addNameRange   hasData: true }
351 silly addNameRange versions [ 'grunt-cli',
351 silly addNameRange   [ '0.1.0',
351 silly addNameRange     '0.1.1',
351 silly addNameRange     '0.1.2',
351 silly addNameRange     '0.1.3',
351 silly addNameRange     '0.1.4',
351 silly addNameRange     '0.1.5',
351 silly addNameRange     '0.1.6',
351 silly addNameRange     '0.1.7',
351 silly addNameRange     '0.1.8',
351 silly addNameRange     '0.1.9',
351 silly addNameRange     '0.1.10',
351 silly addNameRange     '0.1.11',
351 silly addNameRange     '0.1.12',
351 silly addNameRange     '0.1.13' ] ]
352 verbose addNamed [ 'grunt-cli', '0.1.13' ]
353 verbose addNamed [ '0.1.13', '0.1.13' ]
354 silly lockFile 28997503-grunt-cli-0-1-13 grunt-cli@0.1.13
355 verbose lock grunt-cli@0.1.13 /Users/nicholas/.npm/28997503-grunt-cli-0-1-13.lock
356 silly lockFile 28997503-grunt-cli-0-1-13 grunt-cli@0.1.13
357 silly lockFile 28997503-grunt-cli-0-1-13 grunt-cli@0.1.13
358 silly lockFile c776df95-grunt-cli-0-1-13 grunt-cli@^0.1.13
359 silly lockFile c776df95-grunt-cli-0-1-13 grunt-cli@^0.1.13
360 http 200 https://registry.npmjs.org/express
361 silly registry.get cb [ 200,
361 silly registry.get   { date: 'Sat, 28 Feb 2015 13:10:50 GMT',
361 silly registry.get     server: 'CouchDB/1.5.0 (Erlang OTP/R16B03)',
361 silly registry.get     etag: '"17MC6IPP5OVHSRB9M63T1H7KI"',
361 silly registry.get     'content-type': 'application/json',
361 silly registry.get     'cache-control': 'max-age=60',
361 silly registry.get     'content-length': '476392',
361 silly registry.get     'accept-ranges': 'bytes',
361 silly registry.get     via: '1.1 varnish',
361 silly registry.get     age: '43',
361 silly registry.get     'x-served-by': 'cache-ams4139-AMS',
361 silly registry.get     'x-cache': 'HIT',
361 silly registry.get     'x-cache-hits': '1',
361 silly registry.get     'x-timer': 'S1425129050.872606,VS0,VE2',
361 silly registry.get     vary: 'Accept',
361 silly registry.get     'keep-alive': 'timeout=10, max=50',
361 silly registry.get     connection: 'Keep-Alive' } ]
362 silly addNameRange number 2 { name: 'express', range: '>=4.11.1-0 <4.12.0-0', hasData: true }
363 silly addNameRange versions [ 'express',
363 silly addNameRange   [ '0.14.0',
363 silly addNameRange     '0.14.1',
363 silly addNameRange     '1.0.0',
363 silly addNameRange     '1.0.1',
363 silly addNameRange     '1.0.2',
363 silly addNameRange     '1.0.3',
363 silly addNameRange     '1.0.4',
363 silly addNameRange     '1.0.5',
363 silly addNameRange     '1.0.6',
363 silly addNameRange     '1.0.7',
363 silly addNameRange     '1.0.8',
363 silly addNameRange     '2.0.0',
363 silly addNameRange     '2.1.0',
363 silly addNameRange     '2.1.1',
363 silly addNameRange     '2.2.0',
363 silly addNameRange     '2.2.1',
363 silly addNameRange     '2.2.2',
363 silly addNameRange     '2.3.0',
363 silly addNameRange     '2.3.1',
363 silly addNameRange     '2.3.2',
363 silly addNameRange     '2.3.3',
363 silly addNameRange     '2.3.4',
363 silly addNameRange     '2.3.5',
363 silly addNameRange     '2.3.6',
363 silly addNameRange     '2.3.7',
363 silly addNameRange     '2.3.8',
363 silly addNameRange     '2.3.9',
363 silly addNameRange     '2.3.10',
363 silly addNameRange     '2.3.11',
363 silly addNameRange     '2.3.12',
363 silly addNameRange     '2.4.0',
363 silly addNameRange     '2.4.1',
363 silly addNameRange     '2.4.2',
363 silly addNameRange     '2.4.3',
363 silly addNameRange     '2.4.4',
363 silly addNameRange     '2.4.5',
363 silly addNameRange     '2.4.6',
363 silly addNameRange     '2.4.7',
363 silly addNameRange     '2.5.0',
363 silly addNameRange     '2.5.1',
363 silly addNameRange     '2.5.2',
363 silly addNameRange     '2.5.3',
363 silly addNameRange     '2.5.4',
363 silly addNameRange     '2.5.5',
363 silly addNameRange     '2.5.6',
363 silly addNameRange     '2.5.7',
363 silly addNameRange     '2.5.8',
363 silly addNameRange     '2.5.9',
363 silly addNameRange     '2.5.10',
363 silly addNameRange     '2.5.11',
363 silly addNameRange     '3.0.0',
363 silly addNameRange     '3.0.1',
363 silly addNameRange     '3.0.2',
363 silly addNameRange     '3.0.3',
363 silly addNameRange     '3.0.4',
363 silly addNameRange     '3.0.5',
363 silly addNameRange     '3.0.6',
363 silly addNameRange     '3.1.0',
363 silly addNameRange     '3.1.1',
363 silly addNameRange     '3.1.2',
363 silly addNameRange     '3.2.0',
363 silly addNameRange     '3.2.1',
363 silly addNameRange     '3.2.2',
363 silly addNameRange     '3.2.3',
363 silly addNameRange     '3.2.4',
363 silly addNameRange     '3.2.5',
363 silly addNameRange     '3.2.6',
363 silly addNameRange     '3.3.0',
363 silly addNameRange     '3.3.1',
363 silly addNameRange     '3.3.2',
363 silly addNameRange     '3.3.3',
363 silly addNameRange     '3.3.4',
363 silly addNameRange     '3.3.5',
363 silly addNameRange     '3.3.6',
363 silly addNameRange     '1.0.0-beta',
363 silly addNameRange     '1.0.0-beta2',
363 silly addNameRange     '1.0.0-rc',
363 silly addNameRange     '1.0.0-rc2',
363 silly addNameRange     '1.0.0-rc3',
363 silly addNameRange     '1.0.0-rc4',
363 silly addNameRange     '2.0.0-beta',
363 silly addNameRange     '2.0.0-beta2',
363 silly addNameRange     '2.0.0-beta3',
363 silly addNameRange     '2.0.0-rc',
363 silly addNameRange     '2.0.0-rc2',
363 silly addNameRange     '2.0.0-rc3',
363 silly addNameRange     '3.0.0-alpha1',
363 silly addNameRange     '3.0.0-alpha2',
363 silly addNameRange     '3.0.0-alpha3',
363 silly addNameRange     '3.0.0-alpha4',
363 silly addNameRange     '3.0.0-alpha5',
363 silly addNameRange     '3.0.0-beta1',
363 silly addNameRange     '3.0.0-beta2',
363 silly addNameRange     '3.0.0-beta3',
363 silly addNameRange     '3.0.0-beta4',
363 silly addNameRange     '3.0.0-beta6',
363 silly addNameRange     '3.0.0-beta7',
363 silly addNameRange     '3.0.0-rc1',
363 silly addNameRange     '3.0.0-rc2',
363 silly addNameRange     '3.0.0-rc3',
363 silly addNameRange     '3.0.0-rc4',
363 silly addNameRange     '3.0.0-rc5',
363 silly addNameRange     '3.3.7',
363 silly addNameRange     '3.3.8',
363 silly addNameRange     '3.4.0',
363 silly addNameRange     '3.4.1',
363 silly addNameRange     '3.4.2',
363 silly addNameRange     '3.4.3',
363 silly addNameRange     '3.4.4',
363 silly addNameRange     '3.4.5',
363 silly addNameRange     '3.4.6',
363 silly addNameRange     '3.4.7',
363 silly addNameRange     '3.4.8',
363 silly addNameRange     '4.0.0-rc1',
363 silly addNameRange     '4.0.0-rc2',
363 silly addNameRange     '3.5.0',
363 silly addNameRange     '4.0.0-rc3',
363 silly addNameRange     '4.0.0-rc4',
363 silly addNameRange     '3.5.1',
363 silly addNameRange     '4.0.0',
363 silly addNameRange     '3.5.2',
363 silly addNameRange     '4.1.0',
363 silly addNameRange     '4.1.1',
363 silly addNameRange     '3.5.3',
363 silly addNameRange     '4.1.2',
363 silly addNameRange     '3.6.0',
363 silly addNameRange     '4.2.0',
363 silly addNameRange     '3.7.0',
363 silly addNameRange     '3.8.0',
363 silly addNameRange     '4.3.0',
363 silly addNameRange     '4.3.1',
363 silly addNameRange     '3.8.1',
363 silly addNameRange     '4.3.2',
363 silly addNameRange     '3.9.0',
363 silly addNameRange     '4.4.0',
363 silly addNameRange     '4.4.1',
363 silly addNameRange     '3.10.0',
363 silly addNameRange     '3.10.1',
363 silly addNameRange     '3.10.2',
363 silly addNameRange     '3.10.3',
363 silly addNameRange     '3.10.4',
363 silly addNameRange     '4.4.2',
363 silly addNameRange     '3.10.5',
363 silly addNameRange     '4.4.3',
363 silly addNameRange     '3.11.0',
363 silly addNameRange     '4.4.4',
363 silly addNameRange     '3.12.0',
363 silly addNameRange     '3.12.1',
363 silly addNameRange     '4.4.5',
363 silly addNameRange     '3.13.0',
363 silly addNameRange     '4.5.0',
363 silly addNameRange     '4.5.1',
363 silly addNameRange     '3.14.0',
363 silly addNameRange     '4.6.0',
363 silly addNameRange     '4.6.1',
363 silly addNameRange     '3.15.0',
363 silly addNameRange     '4.7.0',
363 silly addNameRange     '3.15.1',
363 silly addNameRange     '4.7.1',
363 silly addNameRange     '3.15.2',
363 silly addNameRange     '4.7.2',
363 silly addNameRange     '4.7.3',
363 silly addNameRange     '3.15.3',
363 silly addNameRange     '4.7.4',
363 silly addNameRange     '3.16.0',
363 silly addNameRange     '4.8.0',
363 silly addNameRange     '3.16.1',
363 silly addNameRange     '4.8.1',
363 silly addNameRange     '3.16.2',
363 silly addNameRange     '4.8.2',
363 silly addNameRange     '3.16.3',
363 silly addNameRange     '3.16.4',
363 silly addNameRange     '4.8.3',
363 silly addNameRange     '3.16.5',
363 silly addNameRange     '3.16.6',
363 silly addNameRange     '4.8.4',
363 silly addNameRange     '3.16.7',
363 silly addNameRange     '4.8.5',
363 silly addNameRange     '3.16.8',
363 silly addNameRange     '4.8.6',
363 silly addNameRange     '3.16.9',
363 silly addNameRange     '4.8.7',
363 silly addNameRange     '3.16.10',
363 silly addNameRange     '4.8.8',
363 silly addNameRange     '3.17.0',
363 silly addNameRange     '3.17.1',
363 silly addNameRange     '4.9.0',
363 silly addNameRange     '3.17.2',
363 silly addNameRange     '4.9.1',
363 silly addNameRange     '4.9.2',
363 silly addNameRange     '3.17.3',
363 silly addNameRange     '4.9.3',
363 silly addNameRange     '3.17.4',
363 silly addNameRange     '4.9.4',
363 silly addNameRange     '3.17.5',
363 silly addNameRange     '4.9.5',
363 silly addNameRange     '3.17.6',
363 silly addNameRange     '3.17.7',
363 silly addNameRange     '4.9.6',
363 silly addNameRange     '4.9.7',
363 silly addNameRange     '3.17.8',
363 silly addNameRange     '4.9.8',
363 silly addNameRange     '3.18.0',
363 silly addNameRange     '3.18.1',
363 silly addNameRange     '4.10.0',
363 silly addNameRange     '3.18.2',
363 silly addNameRange     '4.10.1',
363 silly addNameRange     '5.0.0-alpha.1',
363 silly addNameRange     '3.18.3',
363 silly addNameRange     '4.10.2',
363 silly addNameRange     '3.18.4',
363 silly addNameRange     '4.10.3',
363 silly addNameRange     '4.10.4',
363 silly addNameRange     '4.10.5',
363 silly addNameRange     '3.18.5',
363 silly addNameRange     '3.18.6',
363 silly addNameRange     '4.10.6',
363 silly addNameRange     '4.10.7',
363 silly addNameRange     '3.19.0',
363 silly addNameRange     '4.10.8',
363 silly addNameRange     '4.11.0',
363 silly addNameRange     '3.19.1',
363 silly addNameRange     '4.11.1',
363 silly addNameRange     '3.19.2',
363 silly addNameRange     '4.11.2',
363 silly addNameRange     '3.20.0',
363 silly addNameRange     '4.12.0' ] ]
364 verbose addNamed [ 'express', '4.11.2' ]
365 verbose addNamed [ '4.11.2', '4.11.2' ]
366 silly lockFile 69e74cc8-express-4-11-2 express@4.11.2
367 verbose lock express@4.11.2 /Users/nicholas/.npm/69e74cc8-express-4-11-2.lock
368 silly lockFile 69e74cc8-express-4-11-2 express@4.11.2
369 silly lockFile 69e74cc8-express-4-11-2 express@4.11.2
370 silly lockFile 494d735c-express-4-11-1 express@~4.11.1
371 silly lockFile 494d735c-express-4-11-1 express@~4.11.1
372 http 200 https://registry.npmjs.org/grunt-contrib-concat
373 silly registry.get cb [ 200,
373 silly registry.get   { date: 'Sat, 28 Feb 2015 13:10:51 GMT',
373 silly registry.get     server: 'CouchDB/1.5.0 (Erlang OTP/R16B03)',
373 silly registry.get     etag: '"8CB5CMA6PQVTJP831JMMC298B"',
373 silly registry.get     'content-type': 'application/json',
373 silly registry.get     'cache-control': 'max-age=60',
373 silly registry.get     'content-length': '30933',
373 silly registry.get     'accept-ranges': 'bytes',
373 silly registry.get     via: '1.1 varnish',
373 silly registry.get     age: '55',
373 silly registry.get     'x-served-by': 'cache-ams4145-AMS',
373 silly registry.get     'x-cache': 'HIT',
373 silly registry.get     'x-cache-hits': '2',
373 silly registry.get     'x-timer': 'S1425129051.477527,VS0,VE0',
373 silly registry.get     vary: 'Accept',
373 silly registry.get     'keep-alive': 'timeout=10, max=47',
373 silly registry.get     connection: 'Keep-Alive' } ]
374 silly addNameRange number 2 { name: 'grunt-contrib-concat',
374 silly addNameRange   range: '>=0.5.1-0 <0.6.0-0',
374 silly addNameRange   hasData: true }
375 silly addNameRange versions [ 'grunt-contrib-concat',
375 silly addNameRange   [ '0.1.0',
375 silly addNameRange     '0.1.1',
375 silly addNameRange     '0.1.2',
375 silly addNameRange     '0.1.3',
375 silly addNameRange     '0.2.0',
375 silly addNameRange     '0.3.0',
375 silly addNameRange     '0.4.0',
375 silly addNameRange     '0.5.0',
375 silly addNameRange     '0.5.1',
375 silly addNameRange     '0.1.2-rc5',
375 silly addNameRange     '0.1.2-rc6' ] ]
376 verbose addNamed [ 'grunt-contrib-concat', '0.5.1' ]
377 verbose addNamed [ '0.5.1', '0.5.1' ]
378 silly lockFile 63a362d5-grunt-contrib-concat-0-5-1 grunt-contrib-concat@0.5.1
379 verbose lock grunt-contrib-concat@0.5.1 /Users/nicholas/.npm/63a362d5-grunt-contrib-concat-0-5-1.lock
380 silly lockFile f6eb0009-t-grunt-contrib-concat-0-5-1-tgz https://registry.npmjs.org/grunt-contrib-concat/-/grunt-contrib-concat-0.5.1.tgz
381 verbose lock https://registry.npmjs.org/grunt-contrib-concat/-/grunt-contrib-concat-0.5.1.tgz /Users/nicholas/.npm/f6eb0009-t-grunt-contrib-concat-0-5-1-tgz.lock
382 verbose addRemoteTarball [ 'https://registry.npmjs.org/grunt-contrib-concat/-/grunt-contrib-concat-0.5.1.tgz',
382 verbose addRemoteTarball   '953c6efdfdfd2c107ab9c85077f2d4b24d31cd49' ]
383 info retry fetch attempt 1 at 13:10:51
384 verbose fetch to= /var/folders/s4/bswh43rs0r16qmq6cg7dvpxr0000gn/T/npm-762-J1j-4fR3/registry.npmjs.org/grunt-contrib-concat/-/grunt-contrib-concat-0.5.1.tgz
385 http GET https://registry.npmjs.org/grunt-contrib-concat/-/grunt-contrib-concat-0.5.1.tgz
386 http 200 https://registry.npmjs.org/grunt-nodemon
387 silly registry.get cb [ 200,
387 silly registry.get   { date: 'Sat, 28 Feb 2015 13:10:51 GMT',
387 silly registry.get     server: 'CouchDB/1.5.0 (Erlang OTP/R16B03)',
387 silly registry.get     etag: '"B372CQVD5JCH10BIJT15IX1I1"',
387 silly registry.get     'content-type': 'application/json',
387 silly registry.get     'cache-control': 'max-age=60',
387 silly registry.get     'content-length': '29088',
387 silly registry.get     'accept-ranges': 'bytes',
387 silly registry.get     via: '1.1 varnish',
387 silly registry.get     age: '0',
387 silly registry.get     'x-served-by': 'cache-ams4131-AMS',
387 silly registry.get     'x-cache': 'HIT',
387 silly registry.get     'x-cache-hits': '1',
387 silly registry.get     'x-timer': 'S1425129050.868815,VS0,VE646',
387 silly registry.get     vary: 'Accept',
387 silly registry.get     'keep-alive': 'timeout=10, max=50',
387 silly registry.get     connection: 'Keep-Alive' } ]
388 silly addNameRange number 2 { name: 'grunt-nodemon',
388 silly addNameRange   range: '>=0.4.0-0 <0.5.0-0',
388 silly addNameRange   hasData: true }
389 silly addNameRange versions [ 'grunt-nodemon',
389 silly addNameRange   [ '0.0.0',
389 silly addNameRange     '0.0.1',
389 silly addNameRange     '0.0.2',
389 silly addNameRange     '0.0.3',
389 silly addNameRange     '0.0.4',
389 silly addNameRange     '0.0.5',
389 silly addNameRange     '0.0.6',
389 silly addNameRange     '0.0.7',
389 silly addNameRange     '0.0.8',
389 silly addNameRange     '0.0.9',
389 silly addNameRange     '0.0.10',
389 silly addNameRange     '0.1.0',
389 silly addNameRange     '0.1.1',
389 silly addNameRange     '0.1.2',
389 silly addNameRange     '0.2.0',
389 silly addNameRange     '0.2.1',
389 silly addNameRange     '0.3.0',
389 silly addNameRange     '0.4.0' ] ]
390 verbose addNamed [ 'grunt-nodemon', '0.4.0' ]
391 verbose addNamed [ '0.4.0', '0.4.0' ]
392 silly lockFile 2d396197-grunt-nodemon-0-4-0 grunt-nodemon@0.4.0
393 verbose lock grunt-nodemon@0.4.0 /Users/nicholas/.npm/2d396197-grunt-nodemon-0-4-0.lock
394 silly lockFile 94975595--nodemon-grunt-nodemon-0-4-0-tgz https://registry.npmjs.org/grunt-nodemon/-/grunt-nodemon-0.4.0.tgz
395 verbose lock https://registry.npmjs.org/grunt-nodemon/-/grunt-nodemon-0.4.0.tgz /Users/nicholas/.npm/94975595--nodemon-grunt-nodemon-0-4-0-tgz.lock
396 verbose addRemoteTarball [ 'https://registry.npmjs.org/grunt-nodemon/-/grunt-nodemon-0.4.0.tgz',
396 verbose addRemoteTarball   '03b83264086241261d59233e1581990d547ef45c' ]
397 info retry fetch attempt 1 at 13:10:51
398 verbose fetch to= /var/folders/s4/bswh43rs0r16qmq6cg7dvpxr0000gn/T/npm-762-J1j-4fR3/registry.npmjs.org/grunt-nodemon/-/grunt-nodemon-0.4.0.tgz
399 http GET https://registry.npmjs.org/grunt-nodemon/-/grunt-nodemon-0.4.0.tgz
400 http 200 https://registry.npmjs.org/grunt-contrib-uglify
401 silly registry.get cb [ 200,
401 silly registry.get   { date: 'Sat, 28 Feb 2015 13:10:51 GMT',
401 silly registry.get     server: 'CouchDB/1.5.0 (Erlang OTP/R16B03)',
401 silly registry.get     etag: '"4AXJWYIFNYOM70M4E6N7BGC"',
401 silly registry.get     'content-type': 'application/json',
401 silly registry.get     'cache-control': 'max-age=60',
401 silly registry.get     'content-length': '58552',
401 silly registry.get     'accept-ranges': 'bytes',
401 silly registry.get     via: '1.1 varnish',
401 silly registry.get     age: '54',
401 silly registry.get     'x-served-by': 'cache-ams4139-AMS',
401 silly registry.get     'x-cache': 'HIT',
401 silly registry.get     'x-cache-hits': '2',
401 silly registry.get     'x-timer': 'S1425129051.544570,VS0,VE0',
401 silly registry.get     vary: 'Accept',
401 silly registry.get     'keep-alive': 'timeout=10, max=49',
401 silly registry.get     connection: 'Keep-Alive' } ]
402 silly addNameRange number 2 { name: 'grunt-contrib-uglify',
402 silly addNameRange   range: '>=0.8.0-0 <0.9.0-0',
402 silly addNameRange   hasData: true }
403 silly addNameRange versions [ 'grunt-contrib-uglify',
403 silly addNameRange   [ '0.1.0',
403 silly addNameRange     '0.1.1',
403 silly addNameRange     '0.1.2',
403 silly addNameRange     '0.2.0',
403 silly addNameRange     '0.2.1',
403 silly addNameRange     '0.2.2',
403 silly addNameRange     '0.2.3',
403 silly addNameRange     '0.2.4',
403 silly addNameRange     '0.2.5',
403 silly addNameRange     '0.2.6',
403 silly addNameRange     '0.2.7',
403 silly addNameRange     '0.3.0',
403 silly addNameRange     '0.3.1',
403 silly addNameRange     '0.1.1-rc5',
403 silly addNameRange     '0.1.1-rc6',
403 silly addNameRange     '0.3.2',
403 silly addNameRange     '0.3.3',
403 silly addNameRange     '0.4.0',
403 silly addNameRange     '0.5.0',
403 silly addNameRange     '0.4.1',
403 silly addNameRange     '0.5.1',
403 silly addNameRange     '0.6.0',
403 silly addNameRange     '0.7.0',
403 silly addNameRange     '0.8.0' ] ]
404 verbose addNamed [ 'grunt-contrib-uglify', '0.8.0' ]
405 verbose addNamed [ '0.8.0', '0.8.0' ]
406 silly lockFile 54aac03d-grunt-contrib-uglify-0-8-0 grunt-contrib-uglify@0.8.0
407 verbose lock grunt-contrib-uglify@0.8.0 /Users/nicholas/.npm/54aac03d-grunt-contrib-uglify-0-8-0.lock
408 silly lockFile f5269920-y-grunt-contrib-uglify-0-8-0-tgz https://registry.npmjs.org/grunt-contrib-uglify/-/grunt-contrib-uglify-0.8.0.tgz
409 verbose lock https://registry.npmjs.org/grunt-contrib-uglify/-/grunt-contrib-uglify-0.8.0.tgz /Users/nicholas/.npm/f5269920-y-grunt-contrib-uglify-0-8-0-tgz.lock
410 verbose addRemoteTarball [ 'https://registry.npmjs.org/grunt-contrib-uglify/-/grunt-contrib-uglify-0.8.0.tgz',
410 verbose addRemoteTarball   '6897a450fab8563c9885e388bd705a5ff2c3937e' ]
411 info retry fetch attempt 1 at 13:10:51
412 verbose fetch to= /var/folders/s4/bswh43rs0r16qmq6cg7dvpxr0000gn/T/npm-762-J1j-4fR3/registry.npmjs.org/grunt-contrib-uglify/-/grunt-contrib-uglify-0.8.0.tgz
413 http GET https://registry.npmjs.org/grunt-contrib-uglify/-/grunt-contrib-uglify-0.8.0.tgz
414 http 200 https://registry.npmjs.org/native-promise-only
415 silly registry.get cb [ 200,
415 silly registry.get   { date: 'Sat, 28 Feb 2015 13:10:51 GMT',
415 silly registry.get     server: 'CouchDB/1.5.0 (Erlang OTP/R16B03)',
415 silly registry.get     etag: '"C6SK43TC4C3F0RWGFLGI91RGK"',
415 silly registry.get     'content-type': 'application/json',
415 silly registry.get     'cache-control': 'max-age=60',
415 silly registry.get     'content-length': '58859',
415 silly registry.get     'accept-ranges': 'bytes',
415 silly registry.get     via: '1.1 varnish',
415 silly registry.get     age: '0',
415 silly registry.get     'x-served-by': 'cache-ams4136-AMS',
415 silly registry.get     'x-cache': 'MISS',
415 silly registry.get     'x-cache-hits': '0',
415 silly registry.get     'x-timer': 'S1425129050.870696,VS0,VE678',
415 silly registry.get     vary: 'Accept',
415 silly registry.get     'keep-alive': 'timeout=10, max=50',
415 silly registry.get     connection: 'Keep-Alive' } ]
416 http 200 https://registry.npmjs.org/nodemon
417 silly registry.get cb [ 200,
417 silly registry.get   { date: 'Sat, 28 Feb 2015 13:10:51 GMT',
417 silly registry.get     server: 'CouchDB/1.5.0 (Erlang OTP/R16B03)',
417 silly registry.get     etag: '"5EBBTXDJZ7L2OPKW20HUNLNHN"',
417 silly registry.get     'content-type': 'application/json',
417 silly registry.get     'cache-control': 'max-age=60',
417 silly registry.get     'content-length': '147276',
417 silly registry.get     'accept-ranges': 'bytes',
417 silly registry.get     via: '1.1 varnish',
417 silly registry.get     age: '0',
417 silly registry.get     'x-served-by': 'cache-ams4144-AMS',
417 silly registry.get     'x-cache': 'HIT',
417 silly registry.get     'x-cache-hits': '1',
417 silly registry.get     'x-timer': 'S1425129051.134223,VS0,VE368',
417 silly registry.get     vary: 'Accept',
417 silly registry.get     'keep-alive': 'timeout=10, max=49',
417 silly registry.get     connection: 'Keep-Alive' } ]
418 silly addNameRange number 2 { name: 'native-promise-only',
418 silly addNameRange   range: '>=0.7.6-a <0.8.0-0',
418 silly addNameRange   hasData: true }
419 silly addNameRange versions [ 'native-promise-only',
419 silly addNameRange   [ '0.0.0-a',
419 silly addNameRange     '0.0.1-a',
419 silly addNameRange     '0.0.2-a',
419 silly addNameRange     '0.0.3-a',
419 silly addNameRange     '0.0.4-a',
419 silly addNameRange     '0.0.5-a',
419 silly addNameRange     '0.1.0-a',
419 silly addNameRange     '0.1.1-a',
419 silly addNameRange     '0.2.0-a',
419 silly addNameRange     '0.2.1-a',
419 silly addNameRange     '0.2.1-b',
419 silly addNameRange     '0.2.1-c',
419 silly addNameRange     '0.3.0-a',
419 silly addNameRange     '0.3.1-a',
419 silly addNameRange     '0.4.0-a',
419 silly addNameRange     '0.4.0-b',
419 silly addNameRange     '0.4.0-c',
419 silly addNameRange     '0.4.0-d',
419 silly addNameRange     '0.4.0-e',
419 silly addNameRange     '0.4.0-f',
419 silly addNameRange     '0.4.0-g',
419 silly addNameRange     '0.4.0-h',
419 silly addNameRange     '0.4.1-a',
419 silly addNameRange     '0.4.1-b',
419 silly addNameRange     '0.4.1-c',
419 silly addNameRange     '0.4.1-d',
419 silly addNameRange     '0.4.1-e',
419 silly addNameRange     '0.4.1-f',
419 silly addNameRange     '0.4.1-g',
419 silly addNameRange     '0.4.2-a',
419 silly addNameRange     '0.5.0-a',
419 silly addNameRange     '0.6.0-a',
419 silly addNameRange     '0.7.0-a',
419 silly addNameRange     '0.7.1-a',
419 silly addNameRange     '0.7.2-a',
419 silly addNameRange     '0.7.3-a',
419 silly addNameRange     '0.7.3-b',
419 silly addNameRange     '0.7.3-c',
419 silly addNameRange     '0.7.4-a',
419 silly addNameRange     '0.7.5-a',
419 silly addNameRange     '0.7.5-b',
419 silly addNameRange     '0.7.5-c',
419 silly addNameRange     '0.7.5-d',
419 silly addNameRange     '0.7.5-e',
419 silly addNameRange     '0.7.6-a' ] ]
420 verbose addNamed [ 'native-promise-only', '0.7.6-a' ]
421 verbose addNamed [ '0.7.6-a', '0.7.6-a' ]
422 silly lockFile 181a45c3-native-promise-only-0-7-6-a native-promise-only@0.7.6-a
423 verbose lock native-promise-only@0.7.6-a /Users/nicholas/.npm/181a45c3-native-promise-only-0-7-6-a.lock
424 silly addNameRange number 2 { name: 'nodemon', range: '>=1.3.7-0 <2.0.0-0', hasData: true }
425 silly addNameRange versions [ 'nodemon',
425 silly addNameRange   [ '0.1.4',
425 silly addNameRange     '0.1.5',
425 silly addNameRange     '0.1.6',
425 silly addNameRange     '0.1.7',
425 silly addNameRange     '0.1.8',
425 silly addNameRange     '0.2.0',
425 silly addNameRange     '0.2.1',
425 silly addNameRange     '0.2.2',
425 silly addNameRange     '0.3.0',
425 silly addNameRange     '0.3.1',
425 silly addNameRange     '0.3.2',
425 silly addNameRange     '0.4.0',
425 silly addNameRange     '0.4.1',
425 silly addNameRange     '0.5.0',
425 silly addNameRange     '0.5.1',
425 silly addNameRange     '0.5.2',
425 silly addNameRange     '0.5.3',
425 silly addNameRange     '0.5.4',
425 silly addNameRange     '0.5.5',
425 silly addNameRange     '0.5.6',
425 silly addNameRange     '0.5.7',
425 silly addNameRange     '0.6.0',
425 silly addNameRange     '0.6.1',
425 silly addNameRange     '0.6.2',
425 silly addNameRange     '0.6.3',
425 silly addNameRange     '0.6.4',
425 silly addNameRange     '0.6.5',
425 silly addNameRange     '0.6.6',
425 silly addNameRange     '0.6.7',
425 silly addNameRange     '0.6.8',
425 silly addNameRange     '0.6.9',
425 silly addNameRange     '0.6.10',
425 silly addNameRange     '0.6.11',
425 silly addNameRange     '0.6.12',
425 silly addNameRange     '0.6.13',
425 silly addNameRange     '0.6.14',
425 silly addNameRange     '0.6.15',
425 silly addNameRange     '0.6.16',
425 silly addNameRange     '0.6.17',
425 silly addNameRange     '0.6.18',
425 silly addNameRange     '0.6.19',
425 silly addNameRange     '0.6.20',
425 silly addNameRange     '0.6.21',
425 silly addNameRange     '0.6.22',
425 silly addNameRange     '0.6.23',
425 silly addNameRange     '0.7.0',
425 silly addNameRange     '0.7.1',
425 silly addNameRange     '0.7.2',
425 silly addNameRange     '0.7.3',
425 silly addNameRange     '0.7.4',
425 silly addNameRange     '0.7.5',
425 silly addNameRange     '0.7.6',
425 silly addNameRange     '0.7.7',
425 silly addNameRange     '0.7.8',
425 silly addNameRange     '0.7.10',
425 silly addNameRange     '0.9.0',
425 silly addNameRange     '0.9.1',
425 silly addNameRange     '0.9.2',
425 silly addNameRange     '0.9.3',
425 silly addNameRange     '0.9.5',
425 silly addNameRange     '0.9.6',
425 silly addNameRange     '0.9.7',
425 silly addNameRange     '0.9.10',
425 silly addNameRange     '0.9.11',
425 silly addNameRange     '0.9.12',
425 silly addNameRange     '0.9.14',
425 silly addNameRange     '0.9.16',
425 silly addNameRange     '0.9.17',
425 silly addNameRange     '1.0.0',
425 silly addNameRange     '1.0.1',
425 silly addNameRange     '1.0.2',
425 silly addNameRange     '1.0.2-rc',
425 silly addNameRange     '0.6.10-a',
425 silly addNameRange     '1.0.2-rc3',
425 silly addNameRange     '1.0.2-rc4',
425 silly addNameRange     '1.0.3',
425 silly addNameRange     '1.0.4',
425 silly addNameRange     '1.0.5',
425 silly addNameRange     '1.0.6',
425 silly addNameRange     '1.0.7',
425 silly addNameRange     '1.0.8',
425 silly addNameRange     '1.0.9',
425 silly addNameRange     '1.0.10',
425 silly addNameRange     '1.0.11',
425 silly addNameRange     '1.0.12',
425 silly addNameRange     '1.0.13',
425 silly addNameRange     '1.0.14',
425 silly addNameRange     '1.0.15',
425 silly addNameRange     '1.0.16',
425 silly addNameRange     '1.0.17-rc1',
425 silly addNameRange     '1.0.17-rc2',
425 silly addNameRange     '1.0.17',
425 silly addNameRange     '1.0.18',
425 silly addNameRange     '1.0.19',
425 silly addNameRange     '1.0.20',
425 silly addNameRange     '1.1.0-alpha',
425 silly addNameRange     '1.1.0',
425 silly addNameRange     '1.1.1',
425 silly addNameRange     '1.2.0',
425 silly addNameRange     '1.2.1',
425 silly addNameRange     '1.3.0-0',
425 silly addNameRange     '1.3.0-1',
425 silly addNameRange     '1.3.0-2',
425 silly addNameRange     '1.3.0-3',
425 silly addNameRange     '1.3.0-4',
425 silly addNameRange     '1.3.0-5',
425 silly addNameRange     '1.3.0-6',
425 silly addNameRange     '1.3.0-7',
425 silly addNameRange     '1.3.0',
425 silly addNameRange     '1.3.1',
425 silly addNameRange     '1.3.2',
425 silly addNameRange     '1.3.3',
425 silly addNameRange     '1.3.5',
425 silly addNameRange     '1.3.6',
425 silly addNameRange     '1.3.7' ] ]
426 verbose addNamed [ 'nodemon', '1.3.7' ]
427 verbose addNamed [ '1.3.7', '1.3.7' ]
428 silly lockFile fec6bbf0-nodemon-1-3-7 nodemon@1.3.7
429 verbose lock nodemon@1.3.7 /Users/nicholas/.npm/fec6bbf0-nodemon-1-3-7.lock
430 silly lockFile 93e67bc2--native-promise-only-0-7-6-a-tgz https://registry.npmjs.org/native-promise-only/-/native-promise-only-0.7.6-a.tgz
431 verbose lock https://registry.npmjs.org/native-promise-only/-/native-promise-only-0.7.6-a.tgz /Users/nicholas/.npm/93e67bc2--native-promise-only-0-7-6-a-tgz.lock
432 verbose addRemoteTarball [ 'https://registry.npmjs.org/native-promise-only/-/native-promise-only-0.7.6-a.tgz',
432 verbose addRemoteTarball   'b24bd0451409cc3440f755bf40d24028792068d0' ]
433 silly lockFile bcea1563-js-org-nodemon-nodemon-1-3-7-tgz https://registry.npmjs.org/nodemon/-/nodemon-1.3.7.tgz
434 verbose lock https://registry.npmjs.org/nodemon/-/nodemon-1.3.7.tgz /Users/nicholas/.npm/bcea1563-js-org-nodemon-nodemon-1-3-7-tgz.lock
435 verbose addRemoteTarball [ 'https://registry.npmjs.org/nodemon/-/nodemon-1.3.7.tgz',
435 verbose addRemoteTarball   '447bc2e01bf499cbf5853f9937496e0a04835449' ]
436 info retry fetch attempt 1 at 13:10:51
437 verbose fetch to= /var/folders/s4/bswh43rs0r16qmq6cg7dvpxr0000gn/T/npm-762-J1j-4fR3/registry.npmjs.org/native-promise-only/-/native-promise-only-0.7.6-a.tgz
438 http GET https://registry.npmjs.org/native-promise-only/-/native-promise-only-0.7.6-a.tgz
439 info retry fetch attempt 1 at 13:10:51
440 verbose fetch to= /var/folders/s4/bswh43rs0r16qmq6cg7dvpxr0000gn/T/npm-762-J1j-4fR3/registry.npmjs.org/nodemon/-/nodemon-1.3.7.tgz
441 http GET https://registry.npmjs.org/nodemon/-/nodemon-1.3.7.tgz
442 http 200 https://registry.npmjs.org/body-parser/-/body-parser-1.10.2.tgz
443 silly lockFile 76df2ab8-dy-parser-body-parser-1-10-2-tgz https://registry.npmjs.org/body-parser/-/body-parser-1.10.2.tgz
444 silly lockFile 76df2ab8-dy-parser-body-parser-1-10-2-tgz https://registry.npmjs.org/body-parser/-/body-parser-1.10.2.tgz
445 silly lockFile 6255e82a-body-parser-1-10-2 body-parser@1.10.2
446 silly lockFile 6255e82a-body-parser-1-10-2 body-parser@1.10.2
447 silly lockFile 72eb9479-body-parser-1-10-2 body-parser@~1.10.2
448 silly lockFile 72eb9479-body-parser-1-10-2 body-parser@~1.10.2
449 http 200 https://registry.npmjs.org/grunt-contrib-watch
450 silly registry.get cb [ 200,
450 silly registry.get   { date: 'Sat, 28 Feb 2015 13:10:51 GMT',
450 silly registry.get     server: 'CouchDB/1.5.0 (Erlang OTP/R16B03)',
450 silly registry.get     etag: '"AXFK022BR39QHKT0EJEXRMQQ7"',
450 silly registry.get     'content-type': 'application/json',
450 silly registry.get     'cache-control': 'max-age=60',
450 silly registry.get     'content-length': '60133',
450 silly registry.get     'accept-ranges': 'bytes',
450 silly registry.get     via: '1.1 varnish',
450 silly registry.get     age: '55',
450 silly registry.get     'x-served-by': 'cache-ams4145-AMS',
450 silly registry.get     'x-cache': 'HIT',
450 silly registry.get     'x-cache-hits': '1',
450 silly registry.get     'x-timer': 'S1425129051.718418,VS0,VE0',
450 silly registry.get     vary: 'Accept',
450 silly registry.get     'keep-alive': 'timeout=10, max=46',
450 silly registry.get     connection: 'Keep-Alive' } ]
451 silly addNameRange number 2 { name: 'grunt-contrib-watch',
451 silly addNameRange   range: '>=0.6.1-0 <0.7.0-0',
451 silly addNameRange   hasData: true }
452 silly addNameRange versions [ 'grunt-contrib-watch',
452 silly addNameRange   [ '0.1.0',
452 silly addNameRange     '0.1.1',
452 silly addNameRange     '0.1.2',
452 silly addNameRange     '0.1.3',
452 silly addNameRange     '0.1.4',
452 silly addNameRange     '0.2.0',
452 silly addNameRange     '0.3.0',
452 silly addNameRange     '0.3.1',
452 silly addNameRange     '0.4.0',
452 silly addNameRange     '0.4.1',
452 silly addNameRange     '0.4.2',
452 silly addNameRange     '0.4.3',
452 silly addNameRange     '0.4.4',
452 silly addNameRange     '0.5.0',
452 silly addNameRange     '0.5.1',
452 silly addNameRange     '0.5.2',
452 silly addNameRange     '0.5.3',
452 silly addNameRange     '0.6.0',
452 silly addNameRange     '0.6.1',
452 silly addNameRange     '0.2.0-a',
452 silly addNameRange     '0.2.0-rc5',
452 silly addNameRange     '0.2.0-rc7' ] ]
453 verbose addNamed [ 'grunt-contrib-watch', '0.6.1' ]
454 verbose addNamed [ '0.6.1', '0.6.1' ]
455 silly lockFile 08049756-grunt-contrib-watch-0-6-1 grunt-contrib-watch@0.6.1
456 verbose lock grunt-contrib-watch@0.6.1 /Users/nicholas/.npm/08049756-grunt-contrib-watch-0-6-1.lock
457 silly lockFile 08049756-grunt-contrib-watch-0-6-1 grunt-contrib-watch@0.6.1
458 silly lockFile 08049756-grunt-contrib-watch-0-6-1 grunt-contrib-watch@0.6.1
459 silly lockFile 224b1ece-grunt-contrib-watch-0-6-1 grunt-contrib-watch@^0.6.1
460 silly lockFile 224b1ece-grunt-contrib-watch-0-6-1 grunt-contrib-watch@^0.6.1
461 http 304 https://registry.npmjs.org/morgan
462 silly registry.get cb [ 304,
462 silly registry.get   { date: 'Sat, 28 Feb 2015 13:10:51 GMT',
462 silly registry.get     server: 'Apache',
462 silly registry.get     via: '1.1 varnish',
462 silly registry.get     'last-modified': 'Sat, 28 Feb 2015 13:10:51 GMT',
462 silly registry.get     'cache-control': 'max-age=60',
462 silly registry.get     etag: '"1K9YEBUETVSA9LO1JSULWY06A"',
462 silly registry.get     age: '6',
462 silly registry.get     'x-served-by': 'cache-ams4136-AMS',
462 silly registry.get     'x-cache': 'HIT',
462 silly registry.get     'x-cache-hits': '1',
462 silly registry.get     'x-timer': 'S1425129051.808688,VS0,VE0',
462 silly registry.get     vary: 'Accept',
462 silly registry.get     'content-length': '0',
462 silly registry.get     'keep-alive': 'timeout=10, max=49',
462 silly registry.get     connection: 'Keep-Alive' } ]
463 verbose etag https://registry.npmjs.org/morgan from cache
464 silly addNameRange number 2 { name: 'morgan', range: '>=1.5.1-0 <1.6.0-0', hasData: true }
465 silly addNameRange versions [ 'morgan',
465 silly addNameRange   [ '1.0.0',
465 silly addNameRange     '1.0.1',
465 silly addNameRange     '1.1.0',
465 silly addNameRange     '1.1.1',
465 silly addNameRange     '1.2.0',
465 silly addNameRange     '1.2.1',
465 silly addNameRange     '1.2.2',
465 silly addNameRange     '1.2.3',
465 silly addNameRange     '1.3.0',
465 silly addNameRange     '1.3.1',
465 silly addNameRange     '1.3.2',
465 silly addNameRange     '1.4.0',
465 silly addNameRange     '1.4.1',
465 silly addNameRange     '1.5.0',
465 silly addNameRange     '1.5.1' ] ]
466 verbose addNamed [ 'morgan', '1.5.1' ]
467 verbose addNamed [ '1.5.1', '1.5.1' ]
468 silly lockFile 7ab299d0-morgan-1-5-1 morgan@1.5.1
469 verbose lock morgan@1.5.1 /Users/nicholas/.npm/7ab299d0-morgan-1-5-1.lock
470 silly lockFile 7ab299d0-morgan-1-5-1 morgan@1.5.1
471 silly lockFile 7ab299d0-morgan-1-5-1 morgan@1.5.1
472 silly lockFile 66ba047d-morgan-1-5-1 morgan@~1.5.1
473 silly lockFile 66ba047d-morgan-1-5-1 morgan@~1.5.1
474 http 200 https://registry.npmjs.org/serve-favicon
475 silly registry.get cb [ 200,
475 silly registry.get   { date: 'Sat, 28 Feb 2015 13:10:51 GMT',
475 silly registry.get     server: 'CouchDB/1.6.1 (Erlang OTP/R14B04)',
475 silly registry.get     etag: '"57J1WZEFR0J53TPZKI3RKHJ74"',
475 silly registry.get     'content-type': 'application/json',
475 silly registry.get     'cache-control': 'max-age=60',
475 silly registry.get     'content-length': '20515',
475 silly registry.get     'accept-ranges': 'bytes',
475 silly registry.get     via: '1.1 varnish',
475 silly registry.get     age: '8',
475 silly registry.get     'x-served-by': 'cache-ams4144-AMS',
475 silly registry.get     'x-cache': 'HIT',
475 silly registry.get     'x-cache-hits': '1',
475 silly registry.get     'x-timer': 'S1425129051.816113,VS0,VE0',
475 silly registry.get     vary: 'Accept',
475 silly registry.get     'keep-alive': 'timeout=10, max=48',
475 silly registry.get     connection: 'Keep-Alive' } ]
476 silly addNameRange number 2 { name: 'serve-favicon',
476 silly addNameRange   range: '>=2.2.0-0 <2.3.0-0',
476 silly addNameRange   hasData: true }
477 silly addNameRange versions [ 'serve-favicon',
477 silly addNameRange   [ '2.0.0',
477 silly addNameRange     '2.0.1',
477 silly addNameRange     '2.1.0',
477 silly addNameRange     '2.1.1',
477 silly addNameRange     '2.1.2',
477 silly addNameRange     '2.1.3',
477 silly addNameRange     '2.1.4',
477 silly addNameRange     '2.1.5',
477 silly addNameRange     '2.1.6',
477 silly addNameRange     '2.1.7',
477 silly addNameRange     '2.2.0' ] ]
478 verbose addNamed [ 'serve-favicon', '2.2.0' ]
479 verbose addNamed [ '2.2.0', '2.2.0' ]
480 silly lockFile cef81d7c-serve-favicon-2-2-0 serve-favicon@2.2.0
481 verbose lock serve-favicon@2.2.0 /Users/nicholas/.npm/cef81d7c-serve-favicon-2-2-0.lock
482 silly lockFile cef81d7c-serve-favicon-2-2-0 serve-favicon@2.2.0
483 silly lockFile cef81d7c-serve-favicon-2-2-0 serve-favicon@2.2.0
484 silly lockFile 9df5bad7-serve-favicon-2-2-0 serve-favicon@~2.2.0
485 silly lockFile 9df5bad7-serve-favicon-2-2-0 serve-favicon@~2.2.0
486 http 200 https://registry.npmjs.org/nodemon/-/nodemon-1.3.7.tgz
487 http 200 https://registry.npmjs.org/jade
488 silly registry.get cb [ 200,
488 silly registry.get   { date: 'Sat, 28 Feb 2015 13:10:51 GMT',
488 silly registry.get     server: 'CouchDB/1.5.0 (Erlang OTP/R16B03)',
488 silly registry.get     etag: '"4TMWN3450UFUUO931NNN6K096"',
488 silly registry.get     'content-type': 'application/json',
488 silly registry.get     'cache-control': 'max-age=60',
488 silly registry.get     'content-length': '141870',
488 silly registry.get     'accept-ranges': 'bytes',
488 silly registry.get     via: '1.1 varnish',
488 silly registry.get     age: '44',
488 silly registry.get     'x-served-by': 'cache-ams4139-AMS',
488 silly registry.get     'x-cache': 'HIT',
488 silly registry.get     'x-cache-hits': '142',
488 silly registry.get     'x-timer': 'S1425129051.810093,VS0,VE0',
488 silly registry.get     vary: 'Accept',
488 silly registry.get     'keep-alive': 'timeout=10, max=48',
488 silly registry.get     connection: 'Keep-Alive' } ]
489 silly addNameRange number 2 { name: 'jade', range: '>=1.9.1-0 <1.10.0-0', hasData: true }
490 silly addNameRange versions [ 'jade',
490 silly addNameRange   [ '0.0.1',
490 silly addNameRange     '0.0.2',
490 silly addNameRange     '0.1.0',
490 silly addNameRange     '0.2.0',
490 silly addNameRange     '0.2.1',
490 silly addNameRange     '0.2.2',
490 silly addNameRange     '0.2.3',
490 silly addNameRange     '0.2.4',
490 silly addNameRange     '0.3.0',
490 silly addNameRange     '0.4.0',
490 silly addNameRange     '0.4.1',
490 silly addNameRange     '0.5.0',
490 silly addNameRange     '0.5.1',
490 silly addNameRange     '0.5.2',
490 silly addNameRange     '0.5.3',
490 silly addNameRange     '0.5.4',
490 silly addNameRange     '0.5.5',
490 silly addNameRange     '0.5.6',
490 silly addNameRange     '0.5.7',
490 silly addNameRange     '0.6.0',
490 silly addNameRange     '0.6.1',
490 silly addNameRange     '0.6.3',
490 silly addNameRange     '0.7.0',
490 silly addNameRange     '0.7.1',
490 silly addNameRange     '0.8.0',
490 silly addNameRange     '0.8.1',
490 silly addNameRange     '0.8.2',
490 silly addNameRange     '0.8.3',
490 silly addNameRange     '0.8.4',
490 silly addNameRange     '0.8.5',
490 silly addNameRange     '0.8.6',
490 silly addNameRange     '0.8.7',
490 silly addNameRange     '0.8.8',
490 silly addNameRange     '0.8.9',
490 silly addNameRange     '0.9.0',
490 silly addNameRange     '0.9.1',
490 silly addNameRange     '0.9.2',
490 silly addNameRange     '0.9.3',
490 silly addNameRange     '0.10.0',
490 silly addNameRange     '0.10.1',
490 silly addNameRange     '0.10.2',
490 silly addNameRange     '0.10.3',
490 silly addNameRange     '0.10.4',
490 silly addNameRange     '0.10.5',
490 silly addNameRange     '0.10.6',
490 silly addNameRange     '0.10.7',
490 silly addNameRange     '0.11.0',
490 silly addNameRange     '0.11.1',
490 silly addNameRange     '0.12.0',
490 silly addNameRange     '0.12.1',
490 silly addNameRange     '0.12.2',
490 silly addNameRange     '0.12.3',
490 silly addNameRange     '0.12.4',
490 silly addNameRange     '0.13.0',
490 silly addNameRange     '0.14.0',
490 silly addNameRange     '0.14.1',
490 silly addNameRange     '0.14.2',
490 silly addNameRange     '0.15.0',
490 silly addNameRange     '0.15.1',
490 silly addNameRange     '0.15.2',
490 silly addNameRange     '0.15.3',
490 silly addNameRange     '0.15.4',
490 silly addNameRange     '0.16.0',
490 silly addNameRange     '0.16.1',
490 silly addNameRange     '0.16.2',
490 silly addNameRange     '0.16.3',
490 silly addNameRange     '0.16.4',
490 silly addNameRange     '0.17.0',
490 silly addNameRange     '0.18.0',
490 silly addNameRange     '0.19.0',
490 silly addNameRange     '0.20.0',
490 silly addNameRange     '0.20.1',
490 silly addNameRange     '0.20.2',
490 silly addNameRange     '0.20.3',
490 silly addNameRange     '0.21.0',
490 silly addNameRange     '0.22.0',
490 silly addNameRange     '0.22.1',
490 silly addNameRange     '0.23.0',
490 silly addNameRange     '0.24.0',
490 silly addNameRange     '0.25.0',
490 silly addNameRange     '0.26.0',
490 silly addNameRange     '0.26.1',
490 silly addNameRange     '0.26.2',
490 silly addNameRange     '0.26.3',
490 silly addNameRange     '0.27.0',
490 silly addNameRange     '0.27.1',
490 silly addNameRange     '0.27.2',
490 silly addNameRange     '0.27.3',
490 silly addNameRange     '0.27.4',
490 silly addNameRange     '0.27.5',
490 silly addNameRange     '0.27.6',
490 silly addNameRange     '0.27.7',
490 silly addNameRange     '0.28.0',
490 silly addNameRange     '0.28.1',
490 silly addNameRange     '0.28.2',
490 silly addNameRange     '0.29.0',
490 silly addNameRange     '0.30.0',
490 silly addNameRange     '0.31.0',
490 silly addNameRange     '0.31.1',
490 silly addNameRange     '0.31.2',
490 silly addNameRange     '0.32.0',
490 silly addNameRange     '0.33.0',
490 silly addNameRange     '0.34.0',
490 silly addNameRange     '0.34.1',
490 silly addNameRange     '0.35.0',
490 silly addNameRange     '1.0.0',
490 silly addNameRange     '1.0.1',
490 silly addNameRange     '1.0.2',
490 silly addNameRange     '1.1.0',
490 silly addNameRange     '1.1.1',
490 silly addNameRange     '1.1.2',
490 silly addNameRange     '1.1.3',
490 silly addNameRange     '1.1.4',
490 silly addNameRange     '1.1.5',
490 silly addNameRange     '1.2.0',
490 silly addNameRange     '1.3.0',
490 silly addNameRange     '1.3.1',
490 silly addNameRange     '1.4.0',
490 silly addNameRange     '1.4.1',
490 silly addNameRange     '1.4.2',
490 silly addNameRange     '1.5.0',
490 silly addNameRange     '1.6.0',
490 silly addNameRange     '1.7.0',
490 silly addNameRange     '1.8.0',
490 silly addNameRange     '1.8.1',
490 silly addNameRange     '1.8.2',
490 silly addNameRange     '1.9.0',
490 silly addNameRange     '1.9.1',
490 silly addNameRange     '1.9.2' ] ]
491 verbose addNamed [ 'jade', '1.9.2' ]
492 verbose addNamed [ '1.9.2', '1.9.2' ]
493 silly lockFile 20e0e06b-jade-1-9-2 jade@1.9.2
494 verbose lock jade@1.9.2 /Users/nicholas/.npm/20e0e06b-jade-1-9-2.lock
495 silly lockFile 20e0e06b-jade-1-9-2 jade@1.9.2
496 silly lockFile 20e0e06b-jade-1-9-2 jade@1.9.2
497 silly lockFile 73eba92c-jade-1-9-1 jade@~1.9.1
498 silly lockFile 73eba92c-jade-1-9-1 jade@~1.9.1
499 silly lockFile bcea1563-js-org-nodemon-nodemon-1-3-7-tgz https://registry.npmjs.org/nodemon/-/nodemon-1.3.7.tgz
500 silly lockFile bcea1563-js-org-nodemon-nodemon-1-3-7-tgz https://registry.npmjs.org/nodemon/-/nodemon-1.3.7.tgz
501 silly lockFile fec6bbf0-nodemon-1-3-7 nodemon@1.3.7
502 silly lockFile fec6bbf0-nodemon-1-3-7 nodemon@1.3.7
503 silly lockFile 489cc511-nodemon-1-3-7 nodemon@^1.3.7
504 silly lockFile 489cc511-nodemon-1-3-7 nodemon@^1.3.7
505 http 200 https://registry.npmjs.org/grunt-sass
506 silly registry.get cb [ 200,
506 silly registry.get   { date: 'Sat, 28 Feb 2015 13:10:51 GMT',
506 silly registry.get     server: 'CouchDB/1.5.0 (Erlang OTP/R16B03)',
506 silly registry.get     etag: '"ENVO2OOER4PSYF37GV4BD6A7Z"',
506 silly registry.get     'content-type': 'application/json',
506 silly registry.get     'cache-control': 'max-age=60',
506 silly registry.get     'content-length': '39249',
506 silly registry.get     'accept-ranges': 'bytes',
506 silly registry.get     via: '1.1 varnish',
506 silly registry.get     age: '0',
506 silly registry.get     'x-served-by': 'cache-ams4131-AMS',
506 silly registry.get     'x-cache': 'HIT',
506 silly registry.get     'x-cache-hits': '1',
506 silly registry.get     'x-timer': 'S1425129051.808463,VS0,VE163',
506 silly registry.get     vary: 'Accept',
506 silly registry.get     'keep-alive': 'timeout=10, max=49',
506 silly registry.get     connection: 'Keep-Alive' } ]
507 silly addNameRange number 2 { name: 'grunt-sass',
507 silly addNameRange   range: '>=0.18.0-0 <0.19.0-0',
507 silly addNameRange   hasData: true }
508 silly addNameRange versions [ 'grunt-sass',
508 silly addNameRange   [ '0.1.0',
508 silly addNameRange     '0.2.1',
508 silly addNameRange     '0.2.2',
508 silly addNameRange     '0.2.3',
508 silly addNameRange     '0.2.4',
508 silly addNameRange     '0.2.5',
508 silly addNameRange     '0.3.0',
508 silly addNameRange     '0.4.0',
508 silly addNameRange     '0.4.1',
508 silly addNameRange     '0.5.0',
508 silly addNameRange     '0.6.0',
508 silly addNameRange     '0.6.1',
508 silly addNameRange     '0.7.0',
508 silly addNameRange     '0.8.0',
508 silly addNameRange     '0.8.1',
508 silly addNameRange     '0.9.0',
508 silly addNameRange     '0.10.0',
508 silly addNameRange     '0.11.0',
508 silly addNameRange     '0.12.0',
508 silly addNameRange     '0.12.1',
508 silly addNameRange     '0.13.0',
508 silly addNameRange     '0.13.1',
508 silly addNameRange     '0.14.0',
508 silly addNameRange     '0.14.1',
508 silly addNameRange     '0.14.2',
508 silly addNameRange     '0.15.0',
508 silly addNameRange     '0.16.0',
508 silly addNameRange     '0.16.1',
508 silly addNameRange     '0.17.0',
508 silly addNameRange     '0.18.0' ] ]
509 verbose addNamed [ 'grunt-sass', '0.18.0' ]
510 verbose addNamed [ '0.18.0', '0.18.0' ]
511 silly lockFile 0ae49a10-grunt-sass-0-18-0 grunt-sass@0.18.0
512 verbose lock grunt-sass@0.18.0 /Users/nicholas/.npm/0ae49a10-grunt-sass-0-18-0.lock
513 silly lockFile 0ae49a10-grunt-sass-0-18-0 grunt-sass@0.18.0
514 silly lockFile 0ae49a10-grunt-sass-0-18-0 grunt-sass@0.18.0
515 silly lockFile 458daac5-grunt-sass-0-18-0 grunt-sass@^0.18.0
516 silly lockFile 458daac5-grunt-sass-0-18-0 grunt-sass@^0.18.0
517 http 200 https://registry.npmjs.org/request
518 silly registry.get cb [ 200,
518 silly registry.get   { date: 'Sat, 28 Feb 2015 13:10:52 GMT',
518 silly registry.get     server: 'CouchDB/1.5.0 (Erlang OTP/R16B03)',
518 silly registry.get     etag: '"MN4ILLJ4P03HP8ZANJRARBP7"',
518 silly registry.get     'content-type': 'application/json',
518 silly registry.get     'cache-control': 'max-age=60',
518 silly registry.get     'content-length': '140247',
518 silly registry.get     'accept-ranges': 'bytes',
518 silly registry.get     via: '1.1 varnish',
518 silly registry.get     age: '29',
518 silly registry.get     'x-served-by': 'cache-ams4145-AMS',
518 silly registry.get     'x-cache': 'HIT',
518 silly registry.get     'x-cache-hits': '1',
518 silly registry.get     'x-timer': 'S1425129052.055880,VS0,VE1',
518 silly registry.get     vary: 'Accept',
518 silly registry.get     'keep-alive': 'timeout=10, max=45',
518 silly registry.get     connection: 'Keep-Alive' } ]
519 silly addNameRange number 2 { name: 'request', range: '>=2.53.0-0 <3.0.0-0', hasData: true }
520 silly addNameRange versions [ 'request',
520 silly addNameRange   [ '0.10.0',
520 silly addNameRange     '0.8.3',
520 silly addNameRange     '0.9.0',
520 silly addNameRange     '0.9.1',
520 silly addNameRange     '0.9.5',
520 silly addNameRange     '1.0.0',
520 silly addNameRange     '1.1.0',
520 silly addNameRange     '1.1.1',
520 silly addNameRange     '1.2.0',
520 silly addNameRange     '1.9.0',
520 silly addNameRange     '1.9.1',
520 silly addNameRange     '1.9.2',
520 silly addNameRange     '1.9.3',
520 silly addNameRange     '1.9.5',
520 silly addNameRange     '1.9.7',
520 silly addNameRange     '1.9.8',
520 silly addNameRange     '1.9.9',
520 silly addNameRange     '2.0.0',
520 silly addNameRange     '2.0.1',
520 silly addNameRange     '2.0.2',
520 silly addNameRange     '2.0.3',
520 silly addNameRange     '2.0.4',
520 silly addNameRange     '2.0.5',
520 silly addNameRange     '2.1.0',
520 silly addNameRange     '2.1.1',
520 silly addNameRange     '2.2.0',
520 silly addNameRange     '2.2.5',
520 silly addNameRange     '2.2.6',
520 silly addNameRange     '2.2.9',
520 silly addNameRange     '2.9.0',
520 silly addNameRange     '2.9.1',
520 silly addNameRange     '2.9.2',
520 silly addNameRange     '2.9.3',
520 silly addNameRange     '2.9.100',
520 silly addNameRange     '2.9.150',
520 silly addNameRange     '2.9.151',
520 silly addNameRange     '2.9.152',
520 silly addNameRange     '2.9.153',
520 silly addNameRange     '2.9.200',
520 silly addNameRange     '2.9.201',
520 silly addNameRange     '2.9.202',
520 silly addNameRange     '2.9.203',
520 silly addNameRange     '2.10.0',
520 silly addNameRange     '2.11.0',
520 silly addNameRange     '2.11.1',
520 silly addNameRange     '2.11.2',
520 silly addNameRange     '2.11.3',
520 silly addNameRange     '2.11.4',
520 silly addNameRange     '2.12.0',
520 silly addNameRange     '2.14.0',
520 silly addNameRange     '2.16.0',
520 silly addNameRange     '2.16.2',
520 silly addNameRange     '2.16.4',
520 silly addNameRange     '2.16.6',
520 silly addNameRange     '2.18.0',
520 silly addNameRange     '2.19.0',
520 silly addNameRange     '2.20.0',
520 silly addNameRange     '2.21.0',
520 silly addNameRange     '2.22.0',
520 silly addNameRange     '2.23.0',
520 silly addNameRange     '2.24.0',
520 silly addNameRange     '2.25.0',
520 silly addNameRange     '2.26.0',
520 silly addNameRange     '2.27.0',
520 silly addNameRange     '2.28.0',
520 silly addNameRange     '2.29.0',
520 silly addNameRange     '2.30.0',
520 silly addNameRange     '2.31.0',
520 silly addNameRange     '2.32.0',
520 silly addNameRange     '2.33.0',
520 silly addNameRange     '2.34.0',
520 silly addNameRange     '2.35.0',
520 silly addNameRange     '2.36.0',
520 silly addNameRange     '2.37.0',
520 silly addNameRange     '2.38.0',
520 silly addNameRange     '2.39.0',
520 silly addNameRange     '2.40.0',
520 silly addNameRange     '2.41.0',
520 silly addNameRange     '2.42.0',
520 silly addNameRange     '2.43.0',
520 silly addNameRange     '2.44.0',
520 silly addNameRange     '2.45.0',
520 silly addNameRange     '2.46.0',
520 silly addNameRange     '2.47.0',
520 silly addNameRange     '2.48.0',
520 silly addNameRange     '2.49.0',
520 silly addNameRange     '2.50.0',
520 silly addNameRange     '2.51.0',
520 silly addNameRange     '2.52.0',
520 silly addNameRange     '2.53.0' ] ]
521 verbose addNamed [ 'request', '2.53.0' ]
522 verbose addNamed [ '2.53.0', '2.53.0' ]
523 silly lockFile aee8052e-request-2-53-0 request@2.53.0
524 verbose lock request@2.53.0 /Users/nicholas/.npm/aee8052e-request-2-53-0.lock
525 silly lockFile aee8052e-request-2-53-0 request@2.53.0
526 silly lockFile aee8052e-request-2-53-0 request@2.53.0
527 silly lockFile a3f480e5-request-2-53-0 request@^2.53.0
528 silly lockFile a3f480e5-request-2-53-0 request@^2.53.0
529 http 200 https://registry.npmjs.org/grunt-contrib-concat/-/grunt-contrib-concat-0.5.1.tgz
530 silly lockFile f6eb0009-t-grunt-contrib-concat-0-5-1-tgz https://registry.npmjs.org/grunt-contrib-concat/-/grunt-contrib-concat-0.5.1.tgz
531 silly lockFile f6eb0009-t-grunt-contrib-concat-0-5-1-tgz https://registry.npmjs.org/grunt-contrib-concat/-/grunt-contrib-concat-0.5.1.tgz
532 silly lockFile 63a362d5-grunt-contrib-concat-0-5-1 grunt-contrib-concat@0.5.1
533 silly lockFile 63a362d5-grunt-contrib-concat-0-5-1 grunt-contrib-concat@0.5.1
534 silly lockFile f332e6fb-grunt-contrib-concat-0-5-1 grunt-contrib-concat@^0.5.1
535 silly lockFile f332e6fb-grunt-contrib-concat-0-5-1 grunt-contrib-concat@^0.5.1
536 http 200 https://registry.npmjs.org/grunt-contrib-uglify/-/grunt-contrib-uglify-0.8.0.tgz
537 silly lockFile f5269920-y-grunt-contrib-uglify-0-8-0-tgz https://registry.npmjs.org/grunt-contrib-uglify/-/grunt-contrib-uglify-0.8.0.tgz
538 silly lockFile f5269920-y-grunt-contrib-uglify-0-8-0-tgz https://registry.npmjs.org/grunt-contrib-uglify/-/grunt-contrib-uglify-0.8.0.tgz
539 silly lockFile 54aac03d-grunt-contrib-uglify-0-8-0 grunt-contrib-uglify@0.8.0
540 silly lockFile 54aac03d-grunt-contrib-uglify-0-8-0 grunt-contrib-uglify@0.8.0
541 silly lockFile 45ed070c-grunt-contrib-uglify-0-8-0 grunt-contrib-uglify@^0.8.0
542 silly lockFile 45ed070c-grunt-contrib-uglify-0-8-0 grunt-contrib-uglify@^0.8.0
543 http 200 https://registry.npmjs.org/native-promise-only/-/native-promise-only-0.7.6-a.tgz
544 silly lockFile 93e67bc2--native-promise-only-0-7-6-a-tgz https://registry.npmjs.org/native-promise-only/-/native-promise-only-0.7.6-a.tgz
545 silly lockFile 93e67bc2--native-promise-only-0-7-6-a-tgz https://registry.npmjs.org/native-promise-only/-/native-promise-only-0.7.6-a.tgz
546 silly lockFile 181a45c3-native-promise-only-0-7-6-a native-promise-only@0.7.6-a
547 silly lockFile 181a45c3-native-promise-only-0-7-6-a native-promise-only@0.7.6-a
548 silly lockFile 5fc0ce29-native-promise-only-0-7-6-a native-promise-only@^0.7.6-a
549 silly lockFile 5fc0ce29-native-promise-only-0-7-6-a native-promise-only@^0.7.6-a
550 http 200 https://registry.npmjs.org/grunt-nodemon/-/grunt-nodemon-0.4.0.tgz
551 silly lockFile 94975595--nodemon-grunt-nodemon-0-4-0-tgz https://registry.npmjs.org/grunt-nodemon/-/grunt-nodemon-0.4.0.tgz
552 silly lockFile 94975595--nodemon-grunt-nodemon-0-4-0-tgz https://registry.npmjs.org/grunt-nodemon/-/grunt-nodemon-0.4.0.tgz
553 silly lockFile 2d396197-grunt-nodemon-0-4-0 grunt-nodemon@0.4.0
554 silly lockFile 2d396197-grunt-nodemon-0-4-0 grunt-nodemon@0.4.0
555 silly lockFile 4f6650e6-grunt-nodemon-0-4-0 grunt-nodemon@^0.4.0
556 silly lockFile 4f6650e6-grunt-nodemon-0-4-0 grunt-nodemon@^0.4.0
557 error Error: EACCES, mkdir '/Users/nicholas/.npm/body-parser/1.10.2'
557 error  { [Error: EACCES, mkdir '/Users/nicholas/.npm/body-parser/1.10.2']
557 error   errno: 3,
557 error   code: 'EACCES',
557 error   path: '/Users/nicholas/.npm/body-parser/1.10.2',
557 error   parent: 'consequence-www' }
558 error Please try running this command again as root/Administrator.
559 error System Darwin 14.1.0
560 error command "node" "/usr/local/bin/npm" "install"
561 error cwd /Users/nicholas/projects/consequence
562 error node -v v0.10.33
563 error npm -v 1.4.28
564 error path /Users/nicholas/.npm/body-parser/1.10.2
565 error code EACCES
566 error errno 3
567 error stack Error: EACCES, mkdir '/Users/nicholas/.npm/body-parser/1.10.2'
568 verbose exit [ 3, true ]
